mode: atomic
github.com/BarakChamo/boxer/cmd/boxer-eval/main.go:25.13,38.14 12 0
github.com/BarakChamo/boxer/cmd/boxer-eval/main.go:38.14,40.17 2 0
github.com/BarakChamo/boxer/cmd/boxer-eval/main.go:40.17,43.4 2 0
github.com/BarakChamo/boxer/cmd/boxer-eval/main.go:44.3,49.42 6 0
github.com/BarakChamo/boxer/cmd/boxer-eval/main.go:49.42,51.4 1 0
github.com/BarakChamo/boxer/cmd/boxer-eval/main.go:51.9,51.24 1 0
github.com/BarakChamo/boxer/cmd/boxer-eval/main.go:51.24,54.4 2 0
github.com/BarakChamo/boxer/cmd/boxer-eval/main.go:55.3,55.9 1 0
github.com/BarakChamo/boxer/cmd/boxer-eval/main.go:58.2,58.59 1 0
github.com/BarakChamo/boxer/cmd/boxer-eval/main.go:58.59,60.3 1 0
github.com/BarakChamo/boxer/cmd/boxer-eval/main.go:61.2,62.16 2 0
github.com/BarakChamo/boxer/cmd/boxer-eval/main.go:62.16,63.50 1 0
github.com/BarakChamo/boxer/cmd/boxer-eval/main.go:63.50,64.36 1 0
github.com/BarakChamo/boxer/cmd/boxer-eval/main.go:64.36,67.5 2 0
github.com/BarakChamo/boxer/cmd/boxer-eval/main.go:70.2,70.16 1 0
github.com/BarakChamo/boxer/cmd/boxer-eval/main.go:70.16,73.3 2 0
github.com/BarakChamo/boxer/cmd/boxer-eval/main.go:75.2,77.15 3 0
github.com/BarakChamo/boxer/cmd/boxer-eval/main.go:77.15,79.3 1 0
github.com/BarakChamo/boxer/cmd/boxer-eval/main.go:80.2,80.20 1 0
github.com/BarakChamo/boxer/cmd/boxer-eval/main.go:80.20,82.50 2 0
github.com/BarakChamo/boxer/cmd/boxer-eval/main.go:82.50,84.4 1 0
github.com/BarakChamo/boxer/cmd/boxer-eval/main.go:85.3,86.29 2 0
github.com/BarakChamo/boxer/cmd/boxer-eval/main.go:86.29,87.22 1 0
github.com/BarakChamo/boxer/cmd/boxer-eval/main.go:87.22,89.5 1 0
github.com/BarakChamo/boxer/cmd/boxer-eval/main.go:91.3,91.19 1 0
github.com/BarakChamo/boxer/cmd/boxer-eval/main.go:93.2,93.33 1 0
github.com/BarakChamo/boxer/cmd/boxer-eval/main.go:93.33,93.92 1 0
github.com/BarakChamo/boxer/cmd/boxer-eval/main.go:94.2,94.11 1 0
github.com/BarakChamo/boxer/cmd/boxer-eval/main.go:94.11,95.29 1 0
github.com/BarakChamo/boxer/cmd/boxer-eval/main.go:95.29,96.37 1 0
github.com/BarakChamo/boxer/cmd/boxer-eval/main.go:96.37,97.16 1 0
github.com/BarakChamo/boxer/cmd/boxer-eval/main.go:97.16,99.6 1 0
github.com/BarakChamo/boxer/cmd/boxer-eval/main.go:102.3,102.9 1 0
github.com/BarakChamo/boxer/cmd/boxer-eval/main.go:106.2,108.42 3 0
github.com/BarakChamo/boxer/cmd/boxer-eval/main.go:108.42,109.32 1 0
github.com/BarakChamo/boxer/cmd/boxer-eval/main.go:109.32,111.4 1 0
github.com/BarakChamo/boxer/cmd/boxer-eval/main.go:112.3,112.16 1 0
github.com/BarakChamo/boxer/cmd/boxer-eval/main.go:112.16,114.4 1 0
github.com/BarakChamo/boxer/cmd/boxer-eval/main.go:115.3,115.32 1 0
github.com/BarakChamo/boxer/cmd/boxer-eval/main.go:117.2,119.12 3 0
github.com/BarakChamo/boxer/cmd/boxer-eval/main.go:119.12,124.17 5 0
github.com/BarakChamo/boxer/cmd/boxer-eval/main.go:124.17,126.4 1 0
github.com/BarakChamo/boxer/cmd/boxer-eval/main.go:127.3,128.15 2 0
github.com/BarakChamo/boxer/cmd/boxer-eval/main.go:130.2,131.15 2 0
github.com/BarakChamo/boxer/cmd/boxer-eval/main.go:131.15,134.42 1 0
github.com/BarakChamo/boxer/cmd/boxer-eval/main.go:134.42,137.108 3 0
github.com/BarakChamo/boxer/cmd/boxer-eval/main.go:137.108,143.5 5 0
github.com/BarakChamo/boxer/cmd/boxer-eval/main.go:145.3,145.20 1 0
github.com/BarakChamo/boxer/cmd/boxer-eval/main.go:146.8,147.92 1 0
github.com/BarakChamo/boxer/cmd/boxer-eval/main.go:147.92,151.4 3 0
github.com/BarakChamo/boxer/cmd/boxer-eval/main.go:153.2,154.16 2 0
github.com/BarakChamo/boxer/cmd/boxer-eval/main.go:154.16,156.3 1 0
github.com/BarakChamo/boxer/cmd/boxer-eval/main.go:157.2,158.28 2 0
github.com/BarakChamo/boxer/cmd/boxer-eval/main.go:158.28,159.25 1 0
github.com/BarakChamo/boxer/cmd/boxer-eval/main.go:159.25,161.4 1 0
github.com/BarakChamo/boxer/cmd/boxer-eval/main.go:166.46,167.16 1 0
github.com/BarakChamo/boxer/cmd/boxer-eval/main.go:167.16,169.3 1 0
github.com/BarakChamo/boxer/cmd/boxer-eval/main.go:170.2,172.16 3 0
github.com/BarakChamo/boxer/cmd/boxer-eval/main.go:172.16,175.3 2 0
github.com/BarakChamo/boxer/cmd/boxer-eval/main.go:176.2,178.26 3 0
github.com/BarakChamo/boxer/cmd/boxer-eval/main.go:182.43,183.16 1 0
github.com/BarakChamo/boxer/cmd/boxer-eval/main.go:183.16,185.3 1 0
github.com/BarakChamo/boxer/cmd/boxer-eval/main.go:186.2,187.16 2 0
github.com/BarakChamo/boxer/cmd/boxer-eval/main.go:187.16,189.3 1 0
github.com/BarakChamo/boxer/cmd/boxer-eval/main.go:190.2,194.16 5 0
github.com/BarakChamo/boxer/cmd/boxer-eval/main.go:194.16,196.44 2 0
github.com/BarakChamo/boxer/cmd/boxer-eval/main.go:196.44,198.4 1 0
github.com/BarakChamo/boxer/cmd/boxer-eval/main.go:200.2,200.12 1 0
github.com/BarakChamo/boxer/cmd/boxer-eval/main.go:206.19,208.45 2 0
github.com/BarakChamo/boxer/cmd/boxer-eval/main.go:208.45,211.3 2 0
github.com/BarakChamo/boxer/cmd/boxer-eval/main.go:212.2,212.31 1 0
github.com/BarakChamo/boxer/cmd/boxer-eval/main.go:212.31,214.17 2 0
github.com/BarakChamo/boxer/cmd/boxer-eval/main.go:214.17,215.12 1 0
github.com/BarakChamo/boxer/cmd/boxer-eval/main.go:217.3,217.55 1 0
github.com/BarakChamo/boxer/cmd/boxer-eval/main.go:217.55,219.50 2 0
github.com/BarakChamo/boxer/cmd/boxer-eval/main.go:219.50,220.13 1 0
github.com/BarakChamo/boxer/cmd/boxer-eval/main.go:222.4,223.33 2 0
github.com/BarakChamo/boxer/cmd/boxer-eval/main.go:223.33,224.13 1 0
github.com/BarakChamo/boxer/cmd/boxer-eval/main.go:226.4,226.77 1 0
github.com/BarakChamo/boxer/cmd/boxer-eval/main.go:228.3,228.9 1 0
github.com/BarakChamo/boxer/cmd/fakellm/main.go:22.13,31.18 8 0
github.com/BarakChamo/boxer/cmd/fakellm/main.go:31.18,33.3 1 0
github.com/BarakChamo/boxer/cmd/fakellm/main.go:34.2,37.16 3 0
github.com/BarakChamo/boxer/cmd/fakellm/main.go:37.16,40.3 2 0
github.com/BarakChamo/boxer/cmd/fakellm/main.go:41.2,45.20 4 0
github.com/BarakChamo/boxer/cmd/fakellm/main.go:45.20,46.96 1 0
github.com/BarakChamo/boxer/cmd/fakellm/main.go:46.96,49.4 2 0
github.com/BarakChamo/boxer/cmd/fakellm/main.go:51.2,52.74 2 0
github.com/BarakChamo/boxer/cmd/fakellm/main.go:52.74,55.18 3 0
github.com/BarakChamo/boxer/cmd/fakellm/main.go:55.18,56.48 1 0
github.com/BarakChamo/boxer/cmd/fakellm/main.go:56.48,59.5 2 0
github.com/BarakChamo/boxer/cmd/fakellm/main.go:62.2,62.12 1 0
github.com/BarakChamo/boxer/cmd/fakellm/main.go:62.12,67.3 4 0
github.com/BarakChamo/boxer/cmd/fakellm/main.go:68.2,68.28 1 0
github.com/BarakChamo/boxer/internal/config/config.go:78.24,103.2 1 14
github.com/BarakChamo/boxer/internal/config/config.go:106.58,109.30 3 2
github.com/BarakChamo/boxer/internal/config/config.go:109.30,111.3 1 2
github.com/BarakChamo/boxer/internal/config/config.go:112.2,112.20 1 2
github.com/BarakChamo/boxer/internal/config/config.go:112.20,114.3 1 2
github.com/BarakChamo/boxer/internal/config/config.go:115.2,115.52 1 2
github.com/BarakChamo/boxer/internal/config/config.go:115.52,117.3 1 2
github.com/BarakChamo/boxer/internal/config/config.go:118.2,118.26 1 2
github.com/BarakChamo/boxer/internal/config/config.go:118.26,119.38 1 6
github.com/BarakChamo/boxer/internal/config/config.go:119.38,121.4 1 0
github.com/BarakChamo/boxer/internal/config/config.go:123.2,124.28 2 2
github.com/BarakChamo/boxer/internal/config/config.go:128.49,130.26 2 9
github.com/BarakChamo/boxer/internal/config/config.go:130.26,131.38 1 9
github.com/BarakChamo/boxer/internal/config/config.go:131.38,133.4 1 1
github.com/BarakChamo/boxer/internal/config/config.go:135.2,136.28 2 8
github.com/BarakChamo/boxer/internal/config/config.go:139.24,141.15 2 2
github.com/BarakChamo/boxer/internal/config/config.go:141.15,143.17 2 0
github.com/BarakChamo/boxer/internal/config/config.go:143.17,145.4 1 0
github.com/BarakChamo/boxer/internal/config/config.go:146.3,146.39 1 0
github.com/BarakChamo/boxer/internal/config/config.go:148.2,148.50 1 2
github.com/BarakChamo/boxer/internal/config/config.go:151.43,153.24 2 15
github.com/BarakChamo/boxer/internal/config/config.go:153.24,155.3 1 4
github.com/BarakChamo/boxer/internal/config/config.go:156.2,156.16 1 11
github.com/BarakChamo/boxer/internal/config/config.go:156.16,158.3 1 0
github.com/BarakChamo/boxer/internal/config/config.go:159.2,160.16 2 11
github.com/BarakChamo/boxer/internal/config/config.go:160.16,162.3 1 0
github.com/BarakChamo/boxer/internal/config/config.go:163.2,163.41 1 11
github.com/BarakChamo/boxer/internal/config/config.go:163.41,165.25 2 1
github.com/BarakChamo/boxer/internal/config/config.go:165.25,167.4 1 1
github.com/BarakChamo/boxer/internal/config/config.go:168.3,168.79 1 1
github.com/BarakChamo/boxer/internal/config/config.go:170.2,170.30 1 10
github.com/BarakChamo/boxer/internal/config/config.go:170.30,171.17 1 20
github.com/BarakChamo/boxer/internal/config/config.go:171.17,173.4 1 20
github.com/BarakChamo/boxer/internal/config/config.go:175.2,176.12 2 10
github.com/BarakChamo/boxer/internal/config/config.go:183.66,183.97 2 0
github.com/BarakChamo/boxer/internal/config/config.go:184.66,184.99 2 0
github.com/BarakChamo/boxer/internal/config/config.go:185.66,185.103 2 0
github.com/BarakChamo/boxer/internal/config/config.go:186.66,186.92 2 2
github.com/BarakChamo/boxer/internal/config/config.go:187.66,187.99 2 0
github.com/BarakChamo/boxer/internal/config/config.go:188.66,188.99 2 0
github.com/BarakChamo/boxer/internal/config/config.go:189.66,189.108 2 0
github.com/BarakChamo/boxer/internal/config/config.go:190.66,190.93 2 0
github.com/BarakChamo/boxer/internal/config/config.go:191.66,191.96 2 0
github.com/BarakChamo/boxer/internal/config/config.go:192.66,192.95 2 0
github.com/BarakChamo/boxer/internal/config/config.go:193.66,193.94 2 1
github.com/BarakChamo/boxer/internal/config/config.go:194.48,198.3 3 2
github.com/BarakChamo/boxer/internal/config/config.go:199.59,199.93 2 0
github.com/BarakChamo/boxer/internal/config/config.go:200.59,200.96 2 0
github.com/BarakChamo/boxer/internal/config/config.go:201.65,205.3 3 0
github.com/BarakChamo/boxer/internal/config/config.go:208.29,209.33 1 10
github.com/BarakChamo/boxer/internal/config/config.go:209.33,210.38 1 150
github.com/BarakChamo/boxer/internal/config/config.go:210.38,211.36 1 5
github.com/BarakChamo/boxer/internal/config/config.go:211.36,215.5 1 5
github.com/BarakChamo/boxer/internal/config/config.go:221.48,223.9 2 1
github.com/BarakChamo/boxer/internal/config/config.go:223.9,225.3 1 0
github.com/BarakChamo/boxer/internal/config/config.go:226.2,227.18 2 1
github.com/BarakChamo/boxer/internal/config/config.go:227.18,230.3 2 1
github.com/BarakChamo/boxer/internal/config/config.go:231.2,231.25 1 1
github.com/BarakChamo/boxer/internal/config/config.go:231.25,234.3 2 0
github.com/BarakChamo/boxer/internal/config/config.go:235.2,235.23 1 1
github.com/BarakChamo/boxer/internal/config/config.go:235.23,238.3 2 0
github.com/BarakChamo/boxer/internal/config/config.go:239.2,239.12 1 1
github.com/BarakChamo/boxer/internal/config/config.go:244.34,259.28 2 10
github.com/BarakChamo/boxer/internal/config/config.go:259.28,260.43 1 82
github.com/BarakChamo/boxer/internal/config/config.go:260.43,262.4 1 3
github.com/BarakChamo/boxer/internal/config/config.go:264.2,264.31 1 7
github.com/BarakChamo/boxer/internal/config/config.go:264.31,265.85 1 19
github.com/BarakChamo/boxer/internal/config/config.go:265.85,267.4 1 1
github.com/BarakChamo/boxer/internal/config/config.go:269.2,269.32 1 6
github.com/BarakChamo/boxer/internal/config/config.go:269.32,270.77 1 0
github.com/BarakChamo/boxer/internal/config/config.go:270.77,272.4 1 0
github.com/BarakChamo/boxer/internal/config/config.go:274.2,274.33 1 6
github.com/BarakChamo/boxer/internal/config/config.go:274.33,275.83 1 1
github.com/BarakChamo/boxer/internal/config/config.go:275.83,277.4 1 0
github.com/BarakChamo/boxer/internal/config/config.go:279.2,279.47 1 6
github.com/BarakChamo/boxer/internal/config/config.go:279.47,281.3 1 0
github.com/BarakChamo/boxer/internal/config/config.go:282.2,282.12 1 6
github.com/BarakChamo/boxer/internal/config/config.go:286.39,289.9 3 11
github.com/BarakChamo/boxer/internal/config/config.go:290.90,292.34 2 8
github.com/BarakChamo/boxer/internal/config/config.go:293.90,294.34 1 1
github.com/BarakChamo/boxer/internal/config/config.go:296.2,297.26 2 11
github.com/BarakChamo/boxer/internal/config/config.go:297.26,299.3 1 1
github.com/BarakChamo/boxer/internal/config/config.go:300.2,300.22 1 10
github.com/BarakChamo/boxer/internal/config/config.go:304.40,306.2 1 0
github.com/BarakChamo/boxer/internal/bundle/bundle.go:77.27,79.23 2 4
github.com/BarakChamo/boxer/internal/bundle/bundle.go:79.23,81.3 1 32
github.com/BarakChamo/boxer/internal/bundle/bundle.go:82.2,83.12 2 4
github.com/BarakChamo/boxer/internal/bundle/bundle.go:87.39,87.74 1 16
github.com/BarakChamo/boxer/internal/bundle/bundle.go:91.87,93.31 2 24
github.com/BarakChamo/boxer/internal/bundle/bundle.go:93.31,95.3 1 1
github.com/BarakChamo/boxer/internal/bundle/bundle.go:96.2,106.16 4 23
github.com/BarakChamo/boxer/internal/bundle/bundle.go:106.16,108.3 1 0
github.com/BarakChamo/boxer/internal/bundle/bundle.go:109.2,109.33 1 23
github.com/BarakChamo/boxer/internal/bundle/bundle.go:109.33,110.25 1 690
github.com/BarakChamo/boxer/internal/bundle/bundle.go:110.25,112.4 1 90
github.com/BarakChamo/boxer/internal/bundle/bundle.go:113.3,113.89 1 600
github.com/BarakChamo/boxer/internal/bundle/bundle.go:113.89,114.45 1 3122
github.com/BarakChamo/boxer/internal/bundle/bundle.go:114.45,116.5 1 144
github.com/BarakChamo/boxer/internal/bundle/bundle.go:118.3,118.15 1 456
github.com/BarakChamo/boxer/internal/bundle/bundle.go:120.2,122.87 3 23
github.com/BarakChamo/boxer/internal/bundle/bundle.go:122.87,123.31 1 1242
github.com/BarakChamo/boxer/internal/bundle/bundle.go:123.31,125.4 1 552
github.com/BarakChamo/boxer/internal/bundle/bundle.go:126.3,127.18 2 690
github.com/BarakChamo/boxer/internal/bundle/bundle.go:127.18,129.4 1 456
github.com/BarakChamo/boxer/internal/bundle/bundle.go:130.3,131.17 2 234
github.com/BarakChamo/boxer/internal/bundle/bundle.go:131.17,133.4 1 0
github.com/BarakChamo/boxer/internal/bundle/bundle.go:134.3,135.17 2 234
github.com/BarakChamo/boxer/internal/bundle/bundle.go:135.17,137.4 1 0
github.com/BarakChamo/boxer/internal/bundle/bundle.go:138.3,138.58 1 234
github.com/BarakChamo/boxer/internal/bundle/bundle.go:138.58,140.4 1 0
github.com/BarakChamo/boxer/internal/bundle/bundle.go:141.3,142.57 2 234
github.com/BarakChamo/boxer/internal/bundle/bundle.go:142.57,144.4 1 0
github.com/BarakChamo/boxer/internal/bundle/bundle.go:145.3,145.38 1 234
github.com/BarakChamo/boxer/internal/bundle/bundle.go:145.38,147.58 2 114
github.com/BarakChamo/boxer/internal/bundle/bundle.go:147.58,149.5 1 0
github.com/BarakChamo/boxer/internal/bundle/bundle.go:151.3,152.13 2 234
github.com/BarakChamo/boxer/internal/bundle/bundle.go:154.2,154.16 1 23
github.com/BarakChamo/boxer/internal/bundle/bundle.go:154.16,156.3 1 0
github.com/BarakChamo/boxer/internal/bundle/bundle.go:157.2,157.32 1 23
github.com/BarakChamo/boxer/internal/bundle/bundle.go:157.32,159.3 1 4
github.com/BarakChamo/boxer/internal/bundle/bundle.go:160.2,161.34 2 23
github.com/BarakChamo/boxer/internal/bundle/bundle.go:161.34,163.63 2 238
github.com/BarakChamo/boxer/internal/bundle/bundle.go:163.63,165.4 1 0
github.com/BarakChamo/boxer/internal/bundle/bundle.go:166.3,166.56 1 238
github.com/BarakChamo/boxer/internal/bundle/bundle.go:166.56,168.4 1 0
github.com/BarakChamo/boxer/internal/bundle/bundle.go:169.3,169.33 1 238
github.com/BarakChamo/boxer/internal/bundle/bundle.go:171.2,173.65 2 23
github.com/BarakChamo/boxer/internal/bundle/bundle.go:173.65,175.17 2 6
github.com/BarakChamo/boxer/internal/bundle/bundle.go:175.17,177.4 1 0
github.com/BarakChamo/boxer/internal/bundle/bundle.go:178.3,178.38 1 6
github.com/BarakChamo/boxer/internal/bundle/bundle.go:180.2,180.21 1 23
github.com/BarakChamo/boxer/internal/decide/decide.go:41.32,43.35 2 16
github.com/BarakChamo/boxer/internal/decide/decide.go:43.35,45.3 1 2
github.com/BarakChamo/boxer/internal/decide/decide.go:46.2,46.18 1 14
github.com/BarakChamo/boxer/internal/decide/decide.go:46.18,48.3 1 1
github.com/BarakChamo/boxer/internal/decide/decide.go:49.2,49.54 1 13
github.com/BarakChamo/boxer/internal/decide/decide.go:49.54,51.3 1 5
github.com/BarakChamo/boxer/internal/decide/decide.go:52.2,53.17 2 8
github.com/BarakChamo/boxer/internal/decide/decide.go:54.14,59.4 1 1
github.com/BarakChamo/boxer/internal/decide/decide.go:60.10,61.53 1 7
github.com/BarakChamo/boxer/internal/decide/decide.go:68.69,70.41 2 13
github.com/BarakChamo/boxer/internal/decide/decide.go:70.41,72.55 2 15
github.com/BarakChamo/boxer/internal/decide/decide.go:72.55,73.12 1 5
github.com/BarakChamo/boxer/internal/decide/decide.go:75.3,75.46 1 10
github.com/BarakChamo/boxer/internal/decide/decide.go:75.46,77.4 1 8
github.com/BarakChamo/boxer/internal/decide/decide.go:79.2,79.14 1 5
github.com/BarakChamo/boxer/internal/decide/decide.go:84.41,87.2 2 13
github.com/BarakChamo/boxer/internal/decide/decide.go:91.38,92.42 1 29
github.com/BarakChamo/boxer/internal/decide/decide.go:92.42,93.65 1 37
github.com/BarakChamo/boxer/internal/decide/decide.go:93.65,94.12 1 6
github.com/BarakChamo/boxer/internal/decide/decide.go:96.3,96.45 1 31
github.com/BarakChamo/boxer/internal/decide/decide.go:96.45,97.12 1 4
github.com/BarakChamo/boxer/internal/decide/decide.go:99.3,100.47 2 27
github.com/BarakChamo/boxer/internal/decide/decide.go:100.47,102.4 1 2
github.com/BarakChamo/boxer/internal/decide/decide.go:103.3,103.13 1 27
github.com/BarakChamo/boxer/internal/decide/decide.go:105.2,105.11 1 2
github.com/BarakChamo/boxer/internal/decide/decide.go:108.31,110.2 1 14
github.com/BarakChamo/boxer/internal/decide/decide.go:113.34,115.2 1 8
github.com/BarakChamo/boxer/internal/fakellm/fakellm.go:67.56,69.31 2 12
github.com/BarakChamo/boxer/internal/fakellm/fakellm.go:69.31,70.31 1 4
github.com/BarakChamo/boxer/internal/fakellm/fakellm.go:70.31,71.12 1 2
github.com/BarakChamo/boxer/internal/fakellm/fakellm.go:73.3,74.49 2 2
github.com/BarakChamo/boxer/internal/fakellm/fakellm.go:74.49,76.4 1 2
github.com/BarakChamo/boxer/internal/fakellm/fakellm.go:78.2,78.63 1 12
github.com/BarakChamo/boxer/internal/fakellm/fakellm.go:78.63,80.3 1 1
github.com/BarakChamo/boxer/internal/fakellm/fakellm.go:81.2,81.13 1 12
github.com/BarakChamo/boxer/internal/fakellm/fakellm.go:86.31,87.79 1 23
github.com/BarakChamo/boxer/internal/fakellm/fakellm.go:87.79,88.28 1 77
github.com/BarakChamo/boxer/internal/fakellm/fakellm.go:88.28,89.17 1 42
github.com/BarakChamo/boxer/internal/fakellm/fakellm.go:89.17,91.5 1 12
github.com/BarakChamo/boxer/internal/fakellm/fakellm.go:94.2,94.21 1 11
github.com/BarakChamo/boxer/internal/fakellm/fakellm.go:94.21,96.3 1 0
github.com/BarakChamo/boxer/internal/fakellm/fakellm.go:97.2,97.18 1 11
github.com/BarakChamo/boxer/internal/fakellm/fakellm.go:100.51,102.42 2 21
github.com/BarakChamo/boxer/internal/fakellm/fakellm.go:102.42,103.56 1 10
github.com/BarakChamo/boxer/internal/fakellm/fakellm.go:103.56,105.25 2 10
github.com/BarakChamo/boxer/internal/fakellm/fakellm.go:105.25,107.5 1 17
github.com/BarakChamo/boxer/internal/fakellm/fakellm.go:108.4,108.24 1 10
github.com/BarakChamo/boxer/internal/fakellm/fakellm.go:110.3,110.43 1 10
github.com/BarakChamo/boxer/internal/fakellm/fakellm.go:110.43,111.26 1 3
github.com/BarakChamo/boxer/internal/fakellm/fakellm.go:111.26,112.33 1 6
github.com/BarakChamo/boxer/internal/fakellm/fakellm.go:112.33,114.6 1 6
github.com/BarakChamo/boxer/internal/fakellm/fakellm.go:118.2,118.10 1 21
github.com/BarakChamo/boxer/internal/fakellm/fakellm.go:121.32,123.23 2 16
github.com/BarakChamo/boxer/internal/fakellm/fakellm.go:123.23,125.3 1 21
github.com/BarakChamo/boxer/internal/fakellm/fakellm.go:126.2,126.12 1 16
github.com/BarakChamo/boxer/internal/fakellm/fakellm.go:129.40,131.23 2 16
github.com/BarakChamo/boxer/internal/fakellm/fakellm.go:131.23,133.3 1 21
github.com/BarakChamo/boxer/internal/fakellm/fakellm.go:134.2,134.12 1 16
github.com/BarakChamo/boxer/internal/fakellm/fakellm.go:146.30,147.23 1 11
github.com/BarakChamo/boxer/internal/fakellm/fakellm.go:147.23,149.3 1 9
github.com/BarakChamo/boxer/internal/fakellm/fakellm.go:150.2,150.20 1 11
github.com/BarakChamo/boxer/internal/fakellm/fakellm.go:150.20,152.3 1 11
github.com/BarakChamo/boxer/internal/fakellm/fakellm.go:153.2,153.29 1 11
github.com/BarakChamo/boxer/internal/fakellm/fakellm.go:157.39,161.2 3 1
github.com/BarakChamo/boxer/internal/fakellm/fakellm.go:163.36,168.2 4 16
github.com/BarakChamo/boxer/internal/fakellm/fakellm.go:171.41,173.67 2 11
github.com/BarakChamo/boxer/internal/fakellm/fakellm.go:173.67,175.10 2 18
github.com/BarakChamo/boxer/internal/fakellm/fakellm.go:176.55,177.52 1 1
github.com/BarakChamo/boxer/internal/fakellm/fakellm.go:178.42,179.21 1 6
github.com/BarakChamo/boxer/internal/fakellm/fakellm.go:180.50,181.22 1 4
github.com/BarakChamo/boxer/internal/fakellm/fakellm.go:182.43,183.27 1 4
github.com/BarakChamo/boxer/internal/fakellm/fakellm.go:184.54,185.24 1 1
github.com/BarakChamo/boxer/internal/fakellm/fakellm.go:186.48,187.25 1 1
github.com/BarakChamo/boxer/internal/fakellm/fakellm.go:188.40,191.7 1 1
github.com/BarakChamo/boxer/internal/fakellm/fakellm.go:192.11,194.34 1 0
github.com/BarakChamo/boxer/internal/fakellm/fakellm.go:197.2,197.12 1 11
github.com/BarakChamo/boxer/internal/fakellm/fakellm.go:212.38,212.77 1 12
github.com/BarakChamo/boxer/internal/fakellm/fakellm.go:214.80,215.44 1 16
github.com/BarakChamo/boxer/internal/fakellm/fakellm.go:215.44,216.39 1 12
github.com/BarakChamo/boxer/internal/fakellm/fakellm.go:216.39,218.4 1 1
github.com/BarakChamo/boxer/internal/fakellm/fakellm.go:219.3,220.10 2 11
github.com/BarakChamo/boxer/internal/fakellm/fakellm.go:220.10,223.4 1 1
github.com/BarakChamo/boxer/internal/fakellm/fakellm.go:224.3,224.128 1 10
github.com/BarakChamo/boxer/internal/fakellm/fakellm.go:226.2,228.49 3 4
github.com/BarakChamo/boxer/internal/fakellm/fakellm.go:228.49,230.3 1 4
github.com/BarakChamo/boxer/internal/fakellm/fakellm.go:231.2,233.48 3 4
github.com/BarakChamo/boxer/internal/fakellm/fakellm.go:233.48,234.38 1 4
github.com/BarakChamo/boxer/internal/fakellm/fakellm.go:234.38,236.9 2 4
github.com/BarakChamo/boxer/internal/fakellm/fakellm.go:239.2,240.43 2 4
github.com/BarakChamo/boxer/internal/fakellm/fakellm.go:245.56,246.31 1 12
github.com/BarakChamo/boxer/internal/fakellm/fakellm.go:246.31,248.3 1 10
github.com/BarakChamo/boxer/internal/fakellm/fakellm.go:249.2,251.17 3 2
github.com/BarakChamo/boxer/internal/fakellm/fakellm.go:251.17,253.3 1 1
github.com/BarakChamo/boxer/internal/fakellm/fakellm.go:254.2,254.31 1 1
github.com/BarakChamo/boxer/internal/fakellm/fakellm.go:254.31,255.39 1 1
github.com/BarakChamo/boxer/internal/fakellm/fakellm.go:255.39,259.4 3 1
github.com/BarakChamo/boxer/internal/fakellm/fakellm.go:261.2,261.22 1 0
github.com/BarakChamo/boxer/internal/fakellm/fakellm.go:264.52,265.40 1 11
github.com/BarakChamo/boxer/internal/fakellm/fakellm.go:265.40,266.32 1 37
github.com/BarakChamo/boxer/internal/fakellm/fakellm.go:266.32,267.77 1 40
github.com/BarakChamo/boxer/internal/fakellm/fakellm.go:267.77,269.5 1 2
github.com/BarakChamo/boxer/internal/fakellm/fakellm.go:270.4,270.25 1 38
github.com/BarakChamo/boxer/internal/fakellm/fakellm.go:270.25,272.5 1 8
github.com/BarakChamo/boxer/internal/fakellm/fakellm.go:275.2,275.22 1 1
github.com/BarakChamo/boxer/internal/fakellm/fakellm.go:280.68,290.40 2 6
github.com/BarakChamo/boxer/internal/fakellm/fakellm.go:290.40,293.3 2 0
github.com/BarakChamo/boxer/internal/fakellm/fakellm.go:294.2,295.30 2 6
github.com/BarakChamo/boxer/internal/fakellm/fakellm.go:295.30,296.38 1 11
github.com/BarakChamo/boxer/internal/fakellm/fakellm.go:296.38,298.4 1 11
github.com/BarakChamo/boxer/internal/fakellm/fakellm.go:300.2,301.33 2 6
github.com/BarakChamo/boxer/internal/fakellm/fakellm.go:301.33,303.48 2 8
github.com/BarakChamo/boxer/internal/fakellm/fakellm.go:303.48,304.29 1 2
github.com/BarakChamo/boxer/internal/fakellm/fakellm.go:304.29,305.35 1 2
github.com/BarakChamo/boxer/internal/fakellm/fakellm.go:305.35,308.6 2 1
github.com/BarakChamo/boxer/internal/fakellm/fakellm.go:312.2,318.22 6 6
github.com/BarakChamo/boxer/internal/fakellm/fakellm.go:318.22,321.3 2 5
github.com/BarakChamo/boxer/internal/fakellm/fakellm.go:321.8,323.3 1 1
github.com/BarakChamo/boxer/internal/fakellm/fakellm.go:324.2,325.17 2 6
github.com/BarakChamo/boxer/internal/fakellm/fakellm.go:325.17,328.3 2 5
github.com/BarakChamo/boxer/internal/fakellm/fakellm.go:329.2,333.22 3 1
github.com/BarakChamo/boxer/internal/fakellm/fakellm.go:333.22,337.3 3 1
github.com/BarakChamo/boxer/internal/fakellm/fakellm.go:337.8,340.3 2 0
github.com/BarakChamo/boxer/internal/fakellm/fakellm.go:341.2,343.67 3 1
github.com/BarakChamo/boxer/internal/fakellm/fakellm.go:346.30,347.23 1 1
github.com/BarakChamo/boxer/internal/fakellm/fakellm.go:348.14,349.11 1 1
github.com/BarakChamo/boxer/internal/fakellm/fakellm.go:350.13,352.23 2 0
github.com/BarakChamo/boxer/internal/fakellm/fakellm.go:352.23,353.39 1 0
github.com/BarakChamo/boxer/internal/fakellm/fakellm.go:353.39,354.40 1 0
github.com/BarakChamo/boxer/internal/fakellm/fakellm.go:354.40,356.6 1 0
github.com/BarakChamo/boxer/internal/fakellm/fakellm.go:359.3,359.20 1 0
github.com/BarakChamo/boxer/internal/fakellm/fakellm.go:361.2,361.11 1 0
github.com/BarakChamo/boxer/internal/fakellm/fakellm.go:366.69,381.40 2 4
github.com/BarakChamo/boxer/internal/fakellm/fakellm.go:381.40,384.3 2 0
github.com/BarakChamo/boxer/internal/fakellm/fakellm.go:385.2,386.30 2 4
github.com/BarakChamo/boxer/internal/fakellm/fakellm.go:386.30,388.3 1 4
github.com/BarakChamo/boxer/internal/fakellm/fakellm.go:389.2,390.33 2 4
github.com/BarakChamo/boxer/internal/fakellm/fakellm.go:390.33,391.23 1 6
github.com/BarakChamo/boxer/internal/fakellm/fakellm.go:391.23,394.46 3 1
github.com/BarakChamo/boxer/internal/fakellm/fakellm.go:394.46,396.5 1 1
github.com/BarakChamo/boxer/internal/fakellm/fakellm.go:396.10,398.50 2 0
github.com/BarakChamo/boxer/internal/fakellm/fakellm.go:398.50,400.6 1 0
github.com/BarakChamo/boxer/internal/fakellm/fakellm.go:404.2,412.22 8 4
github.com/BarakChamo/boxer/internal/fakellm/fakellm.go:412.22,417.3 4 2
github.com/BarakChamo/boxer/internal/fakellm/fakellm.go:417.8,419.3 1 2
github.com/BarakChamo/boxer/internal/fakellm/fakellm.go:420.2,420.17 1 4
github.com/BarakChamo/boxer/internal/fakellm/fakellm.go:420.17,425.3 2 3
github.com/BarakChamo/boxer/internal/fakellm/fakellm.go:426.2,427.50 2 1
github.com/BarakChamo/boxer/internal/fakellm/fakellm.go:427.50,430.3 1 3
github.com/BarakChamo/boxer/internal/fakellm/fakellm.go:431.2,432.22 2 1
github.com/BarakChamo/boxer/internal/fakellm/fakellm.go:432.22,436.3 3 0
github.com/BarakChamo/boxer/internal/fakellm/fakellm.go:436.8,438.3 1 1
github.com/BarakChamo/boxer/internal/fakellm/fakellm.go:439.2,440.19 2 1
github.com/BarakChamo/boxer/internal/fakellm/fakellm.go:443.42,445.23 2 0
github.com/BarakChamo/boxer/internal/fakellm/fakellm.go:445.23,447.3 1 0
github.com/BarakChamo/boxer/internal/fakellm/fakellm.go:448.2,448.12 1 0
github.com/BarakChamo/boxer/internal/fakellm/fakellm.go:453.74,460.40 2 4
github.com/BarakChamo/boxer/internal/fakellm/fakellm.go:460.40,463.3 2 0
github.com/BarakChamo/boxer/internal/fakellm/fakellm.go:464.2,465.32 2 4
github.com/BarakChamo/boxer/internal/fakellm/fakellm.go:465.32,467.37 2 4
github.com/BarakChamo/boxer/internal/fakellm/fakellm.go:467.37,468.12 1 0
github.com/BarakChamo/boxer/internal/fakellm/fakellm.go:470.3,471.17 2 4
github.com/BarakChamo/boxer/internal/fakellm/fakellm.go:471.17,472.12 1 0
github.com/BarakChamo/boxer/internal/fakellm/fakellm.go:474.3,474.31 1 4
github.com/BarakChamo/boxer/internal/fakellm/fakellm.go:474.31,477.43 1 1
github.com/BarakChamo/boxer/internal/fakellm/fakellm.go:477.43,478.30 1 1
github.com/BarakChamo/boxer/internal/fakellm/fakellm.go:478.30,479.43 1 1
github.com/BarakChamo/boxer/internal/fakellm/fakellm.go:479.43,480.47 1 1
github.com/BarakChamo/boxer/internal/fakellm/fakellm.go:480.47,484.8 3 1
github.com/BarakChamo/boxer/internal/fakellm/fakellm.go:488.4,488.12 1 1
github.com/BarakChamo/boxer/internal/fakellm/fakellm.go:490.3,491.23 2 3
github.com/BarakChamo/boxer/internal/fakellm/fakellm.go:491.23,493.4 1 2
github.com/BarakChamo/boxer/internal/fakellm/fakellm.go:494.3,494.32 1 3
github.com/BarakChamo/boxer/internal/fakellm/fakellm.go:496.2,498.46 3 4
github.com/BarakChamo/boxer/internal/fakellm/fakellm.go:498.46,499.28 1 4
github.com/BarakChamo/boxer/internal/fakellm/fakellm.go:499.28,500.44 1 6
github.com/BarakChamo/boxer/internal/fakellm/fakellm.go:500.44,502.43 2 1
github.com/BarakChamo/boxer/internal/fakellm/fakellm.go:502.43,504.6 1 1
github.com/BarakChamo/boxer/internal/fakellm/fakellm.go:504.11,506.6 1 0
github.com/BarakChamo/boxer/internal/fakellm/fakellm.go:510.2,515.22 5 4
github.com/BarakChamo/boxer/internal/fakellm/fakellm.go:515.22,518.18 3 3
github.com/BarakChamo/boxer/internal/fakellm/fakellm.go:518.18,520.4 1 1
github.com/BarakChamo/boxer/internal/fakellm/fakellm.go:521.8,524.3 1 1
github.com/BarakChamo/boxer/internal/fakellm/fakellm.go:525.2,527.17 2 4
github.com/BarakChamo/boxer/internal/fakellm/fakellm.go:527.17,530.3 2 3
github.com/BarakChamo/boxer/internal/fakellm/fakellm.go:531.2,533.46 3 1
github.com/BarakChamo/boxer/internal/fakellm/fakellm.go:533.46,538.3 4 7
github.com/BarakChamo/boxer/internal/fakellm/fakellm.go:539.2,540.25 2 1
github.com/BarakChamo/boxer/internal/fakellm/fakellm.go:540.25,542.3 1 7
github.com/BarakChamo/boxer/internal/fakellm/fakellm.go:543.2,548.25 6 1
github.com/BarakChamo/boxer/internal/fakellm/fakellm.go:548.25,550.3 1 6
github.com/BarakChamo/boxer/internal/fakellm/fakellm.go:551.2,551.22 1 1
github.com/BarakChamo/boxer/internal/fakellm/fakellm.go:551.22,557.3 5 1
github.com/BarakChamo/boxer/internal/fakellm/fakellm.go:557.8,565.3 7 0
github.com/BarakChamo/boxer/internal/fakellm/fakellm.go:566.2,567.60 2 1
github.com/BarakChamo/boxer/internal/fakellm/fakellm.go:573.45,575.2 1 1
github.com/BarakChamo/boxer/internal/fakellm/fakellm.go:579.43,581.16 2 16
github.com/BarakChamo/boxer/internal/fakellm/fakellm.go:581.16,583.3 1 0
github.com/BarakChamo/boxer/internal/fakellm/fakellm.go:584.2,584.29 1 16
github.com/BarakChamo/boxer/internal/fakellm/fakellm.go:587.46,590.2 2 14
github.com/BarakChamo/boxer/internal/fakellm/fakellm.go:597.41,604.2 6 4
github.com/BarakChamo/boxer/internal/fakellm/fakellm.go:606.41,610.2 3 13
github.com/BarakChamo/boxer/internal/fakellm/fakellm.go:612.27,616.2 3 4
github.com/BarakChamo/boxer/internal/fakellm/fakellm.go:618.32,621.2 2 1
github.com/BarakChamo/boxer/internal/fakellm/fakellm.go:623.23,624.16 1 18
github.com/BarakChamo/boxer/internal/fakellm/fakellm.go:624.16,626.3 1 18
github.com/BarakChamo/boxer/internal/fakellm/gemini.go:13.78,27.40 2 2
github.com/BarakChamo/boxer/internal/fakellm/gemini.go:27.40,30.3 2 0
github.com/BarakChamo/boxer/internal/fakellm/gemini.go:31.2,32.30 2 2
github.com/BarakChamo/boxer/internal/fakellm/gemini.go:32.30,33.45 1 2
github.com/BarakChamo/boxer/internal/fakellm/gemini.go:33.45,35.4 1 2
github.com/BarakChamo/boxer/internal/fakellm/gemini.go:37.2,38.33 2 2
github.com/BarakChamo/boxer/internal/fakellm/gemini.go:38.33,39.29 1 4
github.com/BarakChamo/boxer/internal/fakellm/gemini.go:39.29,40.60 1 4
github.com/BarakChamo/boxer/internal/fakellm/gemini.go:40.60,43.5 2 1
github.com/BarakChamo/boxer/internal/fakellm/gemini.go:46.2,49.85 2 2
github.com/BarakChamo/boxer/internal/fakellm/gemini.go:49.85,52.3 2 0
github.com/BarakChamo/boxer/internal/fakellm/gemini.go:53.2,54.33 2 2
github.com/BarakChamo/boxer/internal/fakellm/gemini.go:54.33,55.25 1 0
github.com/BarakChamo/boxer/internal/fakellm/gemini.go:55.25,57.4 1 0
github.com/BarakChamo/boxer/internal/fakellm/gemini.go:58.3,58.57 1 0
github.com/BarakChamo/boxer/internal/fakellm/gemini.go:60.2,63.22 3 2
github.com/BarakChamo/boxer/internal/fakellm/gemini.go:63.22,65.3 1 1
github.com/BarakChamo/boxer/internal/fakellm/gemini.go:65.8,67.3 1 1
github.com/BarakChamo/boxer/internal/fakellm/gemini.go:68.2,78.13 2 2
github.com/BarakChamo/boxer/internal/fakellm/gemini.go:78.13,81.3 2 1
github.com/BarakChamo/boxer/internal/fakellm/gemini.go:82.2,83.16 2 1
github.com/BarakChamo/boxer/internal/fakellm/gemini.go:87.39,88.23 1 1
github.com/BarakChamo/boxer/internal/fakellm/gemini.go:89.14,90.11 1 0
github.com/BarakChamo/boxer/internal/fakellm/gemini.go:91.22,93.80 2 1
github.com/BarakChamo/boxer/internal/fakellm/gemini.go:93.80,94.34 1 5
github.com/BarakChamo/boxer/internal/fakellm/gemini.go:94.34,97.5 2 1
github.com/BarakChamo/boxer/internal/fakellm/gemini.go:99.3,99.19 1 1
github.com/BarakChamo/boxer/internal/fakellm/gemini.go:99.19,102.4 2 0
github.com/BarakChamo/boxer/internal/fakellm/gemini.go:103.3,103.20 1 1
github.com/BarakChamo/boxer/internal/fakellm/gemini.go:105.2,106.20 2 0
github.com/BarakChamo/boxer/internal/fakellm/gemini.go:110.42,111.15 1 2
github.com/BarakChamo/boxer/internal/fakellm/gemini.go:111.15,113.3 1 2
github.com/BarakChamo/boxer/internal/fakellm/gemini.go:114.2,114.112 1 0
github.com/BarakChamo/boxer/internal/fakellm/gemini.go:114.112,115.37 1 0
github.com/BarakChamo/boxer/internal/fakellm/gemini.go:115.37,117.4 1 0
github.com/BarakChamo/boxer/internal/fakellm/gemini.go:119.2,119.76 1 0
github.com/BarakChamo/boxer/internal/fakellm/gemini.go:119.76,121.3 1 0
github.com/BarakChamo/boxer/internal/fakellm/gemini.go:122.2,122.12 1 0
github.com/BarakChamo/boxer/internal/fakellm/gemini.go:127.33,129.9 2 2
github.com/BarakChamo/boxer/internal/fakellm/gemini.go:129.9,131.3 1 0
github.com/BarakChamo/boxer/internal/fakellm/gemini.go:132.2,132.56 1 2
github.com/BarakChamo/boxer/internal/fakellm/gemini.go:132.56,134.3 1 0
github.com/BarakChamo/boxer/internal/fakellm/gemini.go:135.2,136.54 2 2
github.com/BarakChamo/boxer/internal/fakellm/gemini.go:136.54,138.3 1 0
github.com/BarakChamo/boxer/internal/fakellm/gemini.go:139.2,139.30 1 2
github.com/BarakChamo/boxer/internal/fakellm/gemini.go:140.16,141.14 1 2
github.com/BarakChamo/boxer/internal/fakellm/gemini.go:142.27,143.11 1 0
github.com/BarakChamo/boxer/internal/fakellm/gemini.go:144.17,145.15 1 0
github.com/BarakChamo/boxer/internal/fakellm/gemini.go:146.15,147.17 1 0
github.com/BarakChamo/boxer/internal/fakellm/gemini.go:148.10,150.56 2 0
github.com/BarakChamo/boxer/internal/fakellm/gemini.go:150.56,151.28 1 0
github.com/BarakChamo/boxer/internal/fakellm/gemini.go:151.28,153.5 1 0
github.com/BarakChamo/boxer/internal/fakellm/gemini.go:155.3,155.13 1 0
github.com/BarakChamo/boxer/internal/eval/acp.go:19.32,19.55 1 0
github.com/BarakChamo/boxer/internal/eval/acp.go:21.44,23.86 2 0
github.com/BarakChamo/boxer/internal/eval/acp.go:23.86,25.3 1 0
github.com/BarakChamo/boxer/internal/eval/acp.go:26.2,26.14 1 0
github.com/BarakChamo/boxer/internal/eval/acp.go:29.77,32.42 3 0
github.com/BarakChamo/boxer/internal/eval/acp.go:32.42,34.3 1 0
github.com/BarakChamo/boxer/internal/eval/acp.go:35.2,42.36 8 0
github.com/BarakChamo/boxer/internal/eval/acp.go:42.36,44.3 1 0
github.com/BarakChamo/boxer/internal/eval/acp.go:45.2,49.12 4 0
github.com/BarakChamo/boxer/internal/eval/acp.go:49.12,49.42 1 0
github.com/BarakChamo/boxer/internal/eval/acp.go:50.2,50.9 1 0
github.com/BarakChamo/boxer/internal/eval/acp.go:51.21,55.59 3 0
github.com/BarakChamo/boxer/internal/eval/acp.go:55.59,57.4 1 0
github.com/BarakChamo/boxer/internal/eval/acp.go:58.3,58.17 1 0
github.com/BarakChamo/boxer/internal/eval/acp.go:59.38,60.95 1 0
github.com/BarakChamo/boxer/internal/eval/acp.go:74.39,79.2 4 0
github.com/BarakChamo/boxer/internal/eval/acp.go:83.78,86.111 3 0
github.com/BarakChamo/boxer/internal/eval/acp.go:86.111,88.3 1 0
github.com/BarakChamo/boxer/internal/eval/acp.go:89.2,89.6 1 0
github.com/BarakChamo/boxer/internal/eval/acp.go:89.6,91.17 2 0
github.com/BarakChamo/boxer/internal/eval/acp.go:91.17,93.4 1 0
github.com/BarakChamo/boxer/internal/eval/acp.go:94.3,94.48 1 0
github.com/BarakChamo/boxer/internal/eval/acp.go:94.48,95.12 1 0
github.com/BarakChamo/boxer/internal/eval/acp.go:97.3,107.40 3 0
github.com/BarakChamo/boxer/internal/eval/acp.go:107.40,108.12 1 0
github.com/BarakChamo/boxer/internal/eval/acp.go:110.3,110.10 1 0
github.com/BarakChamo/boxer/internal/eval/acp.go:111.42,112.43 1 0
github.com/BarakChamo/boxer/internal/eval/acp.go:113.25,114.34 1 0
github.com/BarakChamo/boxer/internal/eval/acp.go:115.41,116.24 1 0
github.com/BarakChamo/boxer/internal/eval/acp.go:116.24,118.5 1 0
github.com/BarakChamo/boxer/internal/eval/acp.go:119.4,119.26 1 0
github.com/BarakChamo/boxer/internal/eval/acp.go:124.86,127.28 3 0
github.com/BarakChamo/boxer/internal/eval/acp.go:127.28,127.100 1 0
github.com/BarakChamo/boxer/internal/eval/acp.go:128.2,128.16 1 0
github.com/BarakChamo/boxer/internal/eval/acp.go:129.36,132.26 3 0
github.com/BarakChamo/boxer/internal/eval/acp.go:132.26,133.39 1 0
github.com/BarakChamo/boxer/internal/eval/acp.go:133.39,135.57 2 0
github.com/BarakChamo/boxer/internal/eval/acp.go:135.57,137.42 2 0
github.com/BarakChamo/boxer/internal/eval/acp.go:137.42,138.12 1 0
github.com/BarakChamo/boxer/internal/eval/acp.go:143.3,143.94 1 0
github.com/BarakChamo/boxer/internal/eval/acp.go:144.27,147.17 3 0
github.com/BarakChamo/boxer/internal/eval/acp.go:147.17,150.4 2 0
github.com/BarakChamo/boxer/internal/eval/acp.go:151.3,151.46 1 0
github.com/BarakChamo/boxer/internal/eval/acp.go:152.28,156.26 4 0
github.com/BarakChamo/boxer/internal/eval/acp.go:157.10,158.131 1 0
github.com/BarakChamo/boxer/internal/eval/acp.go:162.65,163.32 1 0
github.com/BarakChamo/boxer/internal/eval/acp.go:163.32,165.3 1 0
github.com/BarakChamo/boxer/internal/eval/acp.go:166.2,173.39 2 0
github.com/BarakChamo/boxer/internal/eval/acp.go:173.39,175.3 1 0
github.com/BarakChamo/boxer/internal/eval/acp.go:176.2,176.23 1 0
github.com/BarakChamo/boxer/internal/eval/acp.go:177.29,178.53 1 0
github.com/BarakChamo/boxer/internal/eval/acp.go:178.53,180.4 1 0
github.com/BarakChamo/boxer/internal/eval/acp.go:181.19,182.44 1 0
github.com/BarakChamo/boxer/internal/eval/acp.go:186.50,187.191 1 0
github.com/BarakChamo/boxer/internal/eval/acp.go:187.191,189.3 1 0
github.com/BarakChamo/boxer/internal/eval/acp.go:190.2,191.16 2 0
github.com/BarakChamo/boxer/internal/eval/acp.go:191.16,193.3 1 0
github.com/BarakChamo/boxer/internal/eval/acp.go:194.2,199.12 4 0
github.com/BarakChamo/boxer/internal/eval/adherence.go:33.45,35.23 2 0
github.com/BarakChamo/boxer/internal/eval/adherence.go:35.23,36.33 1 0
github.com/BarakChamo/boxer/internal/eval/adherence.go:36.33,38.4 1 0
github.com/BarakChamo/boxer/internal/eval/adherence.go:40.2,40.12 1 0
github.com/BarakChamo/boxer/internal/eval/adherence.go:43.46,43.81 1 0
github.com/BarakChamo/boxer/internal/eval/adherence.go:47.52,48.31 1 0
github.com/BarakChamo/boxer/internal/eval/adherence.go:48.31,50.99 2 0
github.com/BarakChamo/boxer/internal/eval/adherence.go:50.99,52.4 1 0
github.com/BarakChamo/boxer/internal/eval/adherence.go:54.2,54.33 1 0
github.com/BarakChamo/boxer/internal/eval/adherence.go:61.38,63.44 2 3
github.com/BarakChamo/boxer/internal/eval/adherence.go:63.44,64.35 1 6
github.com/BarakChamo/boxer/internal/eval/adherence.go:64.35,66.58 2 5
github.com/BarakChamo/boxer/internal/eval/adherence.go:66.58,67.13 1 1
github.com/BarakChamo/boxer/internal/eval/adherence.go:69.4,69.39 1 4
github.com/BarakChamo/boxer/internal/eval/adherence.go:69.39,71.5 1 2
github.com/BarakChamo/boxer/internal/eval/adherence.go:72.4,72.45 1 4
github.com/BarakChamo/boxer/internal/eval/adherence.go:72.45,74.5 1 2
github.com/BarakChamo/boxer/internal/eval/adherence.go:77.2,77.17 1 3
github.com/BarakChamo/boxer/internal/eval/adherence.go:77.17,79.3 1 1
github.com/BarakChamo/boxer/internal/eval/adherence.go:80.2,80.46 1 2
github.com/BarakChamo/boxer/internal/eval/adherence.go:80.46,83.3 2 6
github.com/BarakChamo/boxer/internal/eval/adherence.go:84.2,86.20 3 2
github.com/BarakChamo/boxer/internal/eval/adherence.go:86.20,88.3 1 1
github.com/BarakChamo/boxer/internal/eval/adherence.go:89.2,91.25 3 2
github.com/BarakChamo/boxer/internal/eval/adherence.go:95.35,97.45 2 0
github.com/BarakChamo/boxer/internal/eval/adherence.go:97.45,98.40 1 0
github.com/BarakChamo/boxer/internal/eval/adherence.go:98.40,100.4 1 0
github.com/BarakChamo/boxer/internal/eval/adherence.go:102.2,102.19 1 0
github.com/BarakChamo/boxer/internal/eval/adherence.go:102.19,104.3 1 0
github.com/BarakChamo/boxer/internal/eval/adherence.go:105.2,105.12 1 0
github.com/BarakChamo/boxer/internal/eval/adherence.go:111.34,113.23 2 6
github.com/BarakChamo/boxer/internal/eval/adherence.go:113.23,114.19 1 12
github.com/BarakChamo/boxer/internal/eval/adherence.go:115.15,116.12 1 4
github.com/BarakChamo/boxer/internal/eval/adherence.go:117.15,119.11 2 5
github.com/BarakChamo/boxer/internal/eval/adherence.go:122.2,122.9 1 6
github.com/BarakChamo/boxer/internal/eval/adherence.go:123.19,124.22 1 1
github.com/BarakChamo/boxer/internal/eval/adherence.go:125.18,126.16 1 1
github.com/BarakChamo/boxer/internal/eval/adherence.go:127.38,128.19 1 1
github.com/BarakChamo/boxer/internal/eval/adherence.go:129.23,130.28 1 1
github.com/BarakChamo/boxer/internal/eval/adherence.go:132.2,132.26 1 2
github.com/BarakChamo/boxer/internal/eval/adherence.go:137.47,141.28 4 1
github.com/BarakChamo/boxer/internal/eval/adherence.go:141.28,142.21 1 2
github.com/BarakChamo/boxer/internal/eval/adherence.go:142.21,145.4 2 2
github.com/BarakChamo/boxer/internal/eval/adherence.go:146.3,146.35 1 2
github.com/BarakChamo/boxer/internal/eval/adherence.go:146.35,148.4 1 1
github.com/BarakChamo/boxer/internal/eval/adherence.go:149.3,149.37 1 2
github.com/BarakChamo/boxer/internal/eval/adherence.go:151.2,152.24 2 1
github.com/BarakChamo/boxer/internal/eval/adherence.go:152.24,154.3 1 1
github.com/BarakChamo/boxer/internal/eval/adherence.go:155.2,160.27 6 1
github.com/BarakChamo/boxer/internal/eval/adherence.go:160.27,162.3 1 2
github.com/BarakChamo/boxer/internal/eval/adherence.go:163.2,164.19 2 1
github.com/BarakChamo/boxer/internal/eval/adherence.go:164.19,166.3 1 2
github.com/BarakChamo/boxer/internal/eval/adherence.go:167.2,170.26 4 1
github.com/BarakChamo/boxer/internal/eval/adherence.go:170.26,173.28 3 1
github.com/BarakChamo/boxer/internal/eval/adherence.go:173.28,175.11 2 2
github.com/BarakChamo/boxer/internal/eval/adherence.go:175.11,177.13 2 0
github.com/BarakChamo/boxer/internal/eval/adherence.go:179.4,182.20 4 2
github.com/BarakChamo/boxer/internal/eval/adherence.go:183.16,184.11 1 1
github.com/BarakChamo/boxer/internal/eval/adherence.go:185.16,186.11 1 1
github.com/BarakChamo/boxer/internal/eval/adherence.go:187.12,188.11 1 0
github.com/BarakChamo/boxer/internal/eval/adherence.go:190.4,191.75 2 2
github.com/BarakChamo/boxer/internal/eval/adherence.go:193.3,193.42 1 1
github.com/BarakChamo/boxer/internal/eval/adherence.go:195.2,196.27 2 1
github.com/BarakChamo/boxer/internal/eval/adherence.go:196.27,199.3 2 2
github.com/BarakChamo/boxer/internal/eval/adherence.go:200.2,201.26 2 1
github.com/BarakChamo/boxer/internal/eval/adherence.go:201.26,202.28 1 1
github.com/BarakChamo/boxer/internal/eval/adherence.go:202.28,204.53 2 2
github.com/BarakChamo/boxer/internal/eval/adherence.go:204.53,205.13 1 1
github.com/BarakChamo/boxer/internal/eval/adherence.go:207.4,208.22 2 1
github.com/BarakChamo/boxer/internal/eval/adherence.go:208.22,210.5 1 0
github.com/BarakChamo/boxer/internal/eval/adherence.go:211.4,211.33 1 1
github.com/BarakChamo/boxer/internal/eval/adherence.go:211.33,213.5 1 1
github.com/BarakChamo/boxer/internal/eval/adherence.go:214.4,214.76 1 1
github.com/BarakChamo/boxer/internal/eval/adherence.go:217.2,217.19 1 1
github.com/BarakChamo/boxer/internal/eval/claude.go:19.29,19.53 1 0
github.com/BarakChamo/boxer/internal/eval/claude.go:21.53,22.51 1 0
github.com/BarakChamo/boxer/internal/eval/claude.go:22.51,24.3 1 0
github.com/BarakChamo/boxer/internal/eval/claude.go:25.2,25.18 1 0
github.com/BarakChamo/boxer/internal/eval/claude.go:25.18,26.40 1 0
github.com/BarakChamo/boxer/internal/eval/claude.go:26.40,28.4 1 0
github.com/BarakChamo/boxer/internal/eval/claude.go:30.2,30.17 1 0
github.com/BarakChamo/boxer/internal/eval/claude.go:33.41,35.59 2 0
github.com/BarakChamo/boxer/internal/eval/claude.go:35.59,37.3 1 0
github.com/BarakChamo/boxer/internal/eval/claude.go:38.2,48.18 2 0
github.com/BarakChamo/boxer/internal/eval/claude.go:48.18,52.69 2 0
github.com/BarakChamo/boxer/internal/eval/claude.go:52.69,56.4 3 0
github.com/BarakChamo/boxer/internal/eval/claude.go:58.2,58.14 1 0
github.com/BarakChamo/boxer/internal/eval/claude.go:63.37,63.86 1 0
github.com/BarakChamo/boxer/internal/eval/claude.go:65.49,69.49 2 0
github.com/BarakChamo/boxer/internal/eval/claude.go:69.49,71.3 1 0
github.com/BarakChamo/boxer/internal/eval/claude.go:72.2,78.84 4 0
github.com/BarakChamo/boxer/internal/eval/claude.go:78.84,80.3 1 0
github.com/BarakChamo/boxer/internal/eval/claude.go:81.2,81.26 1 0
github.com/BarakChamo/boxer/internal/eval/claude.go:81.26,82.43 1 0
github.com/BarakChamo/boxer/internal/eval/claude.go:82.43,84.4 1 0
github.com/BarakChamo/boxer/internal/eval/claude.go:86.2,86.17 1 0
github.com/BarakChamo/boxer/internal/eval/claude.go:87.25,88.76 1 0
github.com/BarakChamo/boxer/internal/eval/claude.go:88.76,90.4 1 0
github.com/BarakChamo/boxer/internal/eval/claude.go:92.3,93.82 2 0
github.com/BarakChamo/boxer/internal/eval/claude.go:94.14,98.51 4 0
github.com/BarakChamo/boxer/internal/eval/claude.go:98.51,100.4 1 0
github.com/BarakChamo/boxer/internal/eval/claude.go:102.2,102.12 1 0
github.com/BarakChamo/boxer/internal/eval/claude.go:105.74,107.46 2 0
github.com/BarakChamo/boxer/internal/eval/claude.go:107.46,109.3 1 0
github.com/BarakChamo/boxer/internal/eval/claude.go:110.2,112.26 3 0
github.com/BarakChamo/boxer/internal/eval/claude.go:112.26,114.3 1 0
github.com/BarakChamo/boxer/internal/eval/claude.go:115.2,119.36 5 0
github.com/BarakChamo/boxer/internal/eval/claude.go:119.36,121.3 1 0
github.com/BarakChamo/boxer/internal/eval/claude.go:122.2,122.12 1 0
github.com/BarakChamo/boxer/internal/eval/claude.go:122.12,122.34 1 0
github.com/BarakChamo/boxer/internal/eval/claude.go:123.2,123.9 1 0
github.com/BarakChamo/boxer/internal/eval/claude.go:124.14,124.14 0 0
github.com/BarakChamo/boxer/internal/eval/claude.go:125.37,127.71 2 0
github.com/BarakChamo/boxer/internal/eval/claude.go:129.2,130.41 2 0
github.com/BarakChamo/boxer/internal/eval/claude.go:130.41,131.45 1 0
github.com/BarakChamo/boxer/internal/eval/claude.go:131.45,133.4 1 0
github.com/BarakChamo/boxer/internal/eval/claude.go:135.2,135.16 1 0
github.com/BarakChamo/boxer/internal/eval/claude.go:138.41,138.59 1 0
github.com/BarakChamo/boxer/internal/eval/claude.go:141.45,145.16 4 0
github.com/BarakChamo/boxer/internal/eval/claude.go:145.16,147.44 2 0
github.com/BarakChamo/boxer/internal/eval/claude.go:147.44,148.12 1 0
github.com/BarakChamo/boxer/internal/eval/claude.go:150.3,150.20 1 0
github.com/BarakChamo/boxer/internal/eval/claude.go:151.20,154.30 3 0
github.com/BarakChamo/boxer/internal/eval/claude.go:154.30,155.67 1 0
github.com/BarakChamo/boxer/internal/eval/claude.go:155.67,157.6 1 0
github.com/BarakChamo/boxer/internal/eval/claude.go:159.17,160.41 1 0
github.com/BarakChamo/boxer/internal/eval/claude.go:160.41,161.43 1 0
github.com/BarakChamo/boxer/internal/eval/claude.go:161.43,163.6 1 0
github.com/BarakChamo/boxer/internal/eval/claude.go:167.2,167.11 1 0
github.com/BarakChamo/boxer/internal/eval/claude.go:173.41,174.22 1 0
github.com/BarakChamo/boxer/internal/eval/claude.go:174.22,177.3 2 0
github.com/BarakChamo/boxer/internal/eval/claude.go:178.2,178.16 1 0
github.com/BarakChamo/boxer/internal/eval/claude.go:183.45,185.22 2 0
github.com/BarakChamo/boxer/internal/eval/claude.go:185.22,187.60 2 0
github.com/BarakChamo/boxer/internal/eval/claude.go:187.60,190.4 1 0
github.com/BarakChamo/boxer/internal/eval/claude.go:191.3,191.11 1 0
github.com/BarakChamo/boxer/internal/eval/claude.go:193.2,193.52 1 0
github.com/BarakChamo/boxer/internal/eval/codex.go:22.28,22.46 1 0
github.com/BarakChamo/boxer/internal/eval/codex.go:24.52,25.50 1 0
github.com/BarakChamo/boxer/internal/eval/codex.go:25.50,27.3 1 0
github.com/BarakChamo/boxer/internal/eval/codex.go:28.2,28.18 1 0
github.com/BarakChamo/boxer/internal/eval/codex.go:28.18,29.40 1 0
github.com/BarakChamo/boxer/internal/eval/codex.go:29.40,31.4 1 0
github.com/BarakChamo/boxer/internal/eval/codex.go:33.2,33.17 1 0
github.com/BarakChamo/boxer/internal/eval/codex.go:36.40,42.18 3 0
github.com/BarakChamo/boxer/internal/eval/codex.go:42.18,49.3 1 0
github.com/BarakChamo/boxer/internal/eval/codex.go:50.2,50.14 1 0
github.com/BarakChamo/boxer/internal/eval/codex.go:53.36,53.84 1 0
github.com/BarakChamo/boxer/internal/eval/codex.go:55.48,57.49 2 0
github.com/BarakChamo/boxer/internal/eval/codex.go:57.49,59.3 1 0
github.com/BarakChamo/boxer/internal/eval/codex.go:60.2,61.93 2 0
github.com/BarakChamo/boxer/internal/eval/codex.go:61.93,63.3 1 0
github.com/BarakChamo/boxer/internal/eval/codex.go:64.2,64.44 1 0
github.com/BarakChamo/boxer/internal/eval/codex.go:64.44,68.51 4 0
github.com/BarakChamo/boxer/internal/eval/codex.go:68.51,70.4 1 0
github.com/BarakChamo/boxer/internal/eval/codex.go:72.2,72.47 1 0
github.com/BarakChamo/boxer/internal/eval/codex.go:72.47,73.70 1 0
github.com/BarakChamo/boxer/internal/eval/codex.go:73.70,75.4 1 0
github.com/BarakChamo/boxer/internal/eval/codex.go:77.2,77.12 1 0
github.com/BarakChamo/boxer/internal/eval/codex.go:80.73,89.36 9 0
github.com/BarakChamo/boxer/internal/eval/codex.go:89.36,91.3 1 0
github.com/BarakChamo/boxer/internal/eval/codex.go:92.2,93.12 2 0
github.com/BarakChamo/boxer/internal/eval/codex.go:93.12,93.34 1 0
github.com/BarakChamo/boxer/internal/eval/codex.go:94.2,94.9 1 0
github.com/BarakChamo/boxer/internal/eval/codex.go:95.14,95.14 0 0
github.com/BarakChamo/boxer/internal/eval/codex.go:96.37,98.70 2 0
github.com/BarakChamo/boxer/internal/eval/codex.go:100.2,101.45 2 0
github.com/BarakChamo/boxer/internal/eval/codex.go:101.45,102.49 1 0
github.com/BarakChamo/boxer/internal/eval/codex.go:102.49,104.4 1 0
github.com/BarakChamo/boxer/internal/eval/codex.go:106.2,106.24 1 0
github.com/BarakChamo/boxer/internal/eval/codex.go:106.24,108.3 1 0
github.com/BarakChamo/boxer/internal/eval/codex.go:109.2,109.41 1 0
github.com/BarakChamo/boxer/internal/eval/codex.go:109.41,110.45 1 0
github.com/BarakChamo/boxer/internal/eval/codex.go:110.45,112.4 1 0
github.com/BarakChamo/boxer/internal/eval/codex.go:114.2,114.16 1 0
github.com/BarakChamo/boxer/internal/eval/codex.go:117.41,117.42 0 0
github.com/BarakChamo/boxer/internal/eval/codex.go:121.42,125.16 4 0
github.com/BarakChamo/boxer/internal/eval/codex.go:125.16,127.44 2 0
github.com/BarakChamo/boxer/internal/eval/codex.go:127.44,128.12 1 0
github.com/BarakChamo/boxer/internal/eval/codex.go:130.3,131.18 2 0
github.com/BarakChamo/boxer/internal/eval/codex.go:131.18,132.12 1 0
github.com/BarakChamo/boxer/internal/eval/codex.go:134.3,134.23 1 0
github.com/BarakChamo/boxer/internal/eval/codex.go:135.28,136.68 1 0
github.com/BarakChamo/boxer/internal/eval/codex.go:136.68,138.5 1 0
github.com/BarakChamo/boxer/internal/eval/codex.go:139.24,140.103 1 0
github.com/BarakChamo/boxer/internal/eval/codex.go:141.24,142.42 1 0
github.com/BarakChamo/boxer/internal/eval/codex.go:142.42,143.43 1 0
github.com/BarakChamo/boxer/internal/eval/codex.go:143.43,145.6 1 0
github.com/BarakChamo/boxer/internal/eval/codex.go:149.2,149.29 1 0
github.com/BarakChamo/boxer/internal/eval/codex.go:149.29,150.44 1 0
github.com/BarakChamo/boxer/internal/eval/codex.go:150.44,152.4 1 0
github.com/BarakChamo/boxer/internal/eval/codex.go:154.2,154.11 1 0
github.com/BarakChamo/boxer/internal/eval/codex.go:157.51,158.25 1 0
github.com/BarakChamo/boxer/internal/eval/codex.go:158.25,159.13 1 0
github.com/BarakChamo/boxer/internal/eval/codex.go:159.13,161.4 1 0
github.com/BarakChamo/boxer/internal/eval/codex.go:163.2,163.24 1 0
github.com/BarakChamo/boxer/internal/eval/codex.go:168.35,169.22 1 0
github.com/BarakChamo/boxer/internal/eval/codex.go:169.22,171.3 1 0
github.com/BarakChamo/boxer/internal/eval/codex.go:172.2,172.206 1 0
github.com/BarakChamo/boxer/internal/eval/drivers.go:4.25,21.2 1 0
github.com/BarakChamo/boxer/internal/eval/dsh.go:21.26,21.42 1 0
github.com/BarakChamo/boxer/internal/eval/dsh.go:23.50,24.48 1 0
github.com/BarakChamo/boxer/internal/eval/dsh.go:24.48,26.3 1 0
github.com/BarakChamo/boxer/internal/eval/dsh.go:27.2,27.18 1 0
github.com/BarakChamo/boxer/internal/eval/dsh.go:27.18,28.40 1 0
github.com/BarakChamo/boxer/internal/eval/dsh.go:28.40,30.4 1 0
github.com/BarakChamo/boxer/internal/eval/dsh.go:32.2,32.17 1 0
github.com/BarakChamo/boxer/internal/eval/dsh.go:35.38,44.2 3 0
github.com/BarakChamo/boxer/internal/eval/dsh.go:46.35,46.81 1 0
github.com/BarakChamo/boxer/internal/eval/dsh.go:47.35,47.90 1 0
github.com/BarakChamo/boxer/internal/eval/dsh.go:49.46,50.56 1 0
github.com/BarakChamo/boxer/internal/eval/dsh.go:50.56,52.3 1 0
github.com/BarakChamo/boxer/internal/eval/dsh.go:53.2,53.67 1 0
github.com/BarakChamo/boxer/internal/eval/dsh.go:53.67,55.3 1 0
github.com/BarakChamo/boxer/internal/eval/dsh.go:56.2,57.22 2 0
github.com/BarakChamo/boxer/internal/eval/dsh.go:57.22,59.3 1 0
github.com/BarakChamo/boxer/internal/eval/dsh.go:60.2,60.92 1 0
github.com/BarakChamo/boxer/internal/eval/dsh.go:60.92,62.3 1 0
github.com/BarakChamo/boxer/internal/eval/dsh.go:63.2,63.13 1 0
github.com/BarakChamo/boxer/internal/eval/dsh.go:63.13,64.103 1 0
github.com/BarakChamo/boxer/internal/eval/dsh.go:64.103,66.4 1 0
github.com/BarakChamo/boxer/internal/eval/dsh.go:68.2,68.12 1 0
github.com/BarakChamo/boxer/internal/eval/dsh.go:71.71,83.13 4 0
github.com/BarakChamo/boxer/internal/eval/dsh.go:83.13,85.3 1 0
github.com/BarakChamo/boxer/internal/eval/dsh.go:86.2,89.36 4 0
github.com/BarakChamo/boxer/internal/eval/dsh.go:89.36,91.3 1 0
github.com/BarakChamo/boxer/internal/eval/dsh.go:92.2,93.12 2 0
github.com/BarakChamo/boxer/internal/eval/dsh.go:93.12,93.34 1 0
github.com/BarakChamo/boxer/internal/eval/dsh.go:94.2,94.9 1 0
github.com/BarakChamo/boxer/internal/eval/dsh.go:95.14,95.14 0 0
github.com/BarakChamo/boxer/internal/eval/dsh.go:96.37,98.86 2 0
github.com/BarakChamo/boxer/internal/eval/dsh.go:100.2,102.60 2 0
github.com/BarakChamo/boxer/internal/eval/dsh.go:102.60,103.44 1 0
github.com/BarakChamo/boxer/internal/eval/dsh.go:103.44,105.4 1 0
github.com/BarakChamo/boxer/internal/eval/dsh.go:107.2,107.16 1 0
github.com/BarakChamo/boxer/internal/eval/dsh.go:110.39,110.40 0 0
github.com/BarakChamo/boxer/internal/eval/dsh.go:114.48,116.44 2 0
github.com/BarakChamo/boxer/internal/eval/dsh.go:116.44,118.3 1 0
github.com/BarakChamo/boxer/internal/eval/dsh.go:119.2,133.31 1 0
github.com/BarakChamo/boxer/internal/eval/eval.go:54.36,55.26 1 1
github.com/BarakChamo/boxer/internal/eval/eval.go:55.26,57.3 1 0
github.com/BarakChamo/boxer/internal/eval/eval.go:58.2,58.66 1 1
github.com/BarakChamo/boxer/internal/eval/eval.go:62.29,64.18 2 6
github.com/BarakChamo/boxer/internal/eval/eval.go:64.18,66.3 1 0
github.com/BarakChamo/boxer/internal/eval/eval.go:67.2,67.20 1 6
github.com/BarakChamo/boxer/internal/eval/eval.go:67.20,69.3 1 0
github.com/BarakChamo/boxer/internal/eval/eval.go:70.2,70.22 1 6
github.com/BarakChamo/boxer/internal/eval/eval.go:70.22,72.3 1 6
github.com/BarakChamo/boxer/internal/eval/eval.go:73.2,73.10 1 6
github.com/BarakChamo/boxer/internal/eval/eval.go:123.32,125.2 1 3
github.com/BarakChamo/boxer/internal/eval/eval.go:127.31,128.20 1 3
github.com/BarakChamo/boxer/internal/eval/eval.go:129.27,131.133 1 1
github.com/BarakChamo/boxer/internal/eval/eval.go:132.19,134.112 1 1
github.com/BarakChamo/boxer/internal/eval/eval.go:136.2,136.131 1 1
github.com/BarakChamo/boxer/internal/eval/eval.go:140.35,140.68 1 2
github.com/BarakChamo/boxer/internal/eval/eval.go:143.73,145.16 2 0
github.com/BarakChamo/boxer/internal/eval/eval.go:145.16,147.3 1 0
github.com/BarakChamo/boxer/internal/eval/eval.go:149.2,149.55 1 0
github.com/BarakChamo/boxer/internal/eval/eval.go:149.55,151.3 1 0
github.com/BarakChamo/boxer/internal/eval/eval.go:152.2,154.36 2 0
github.com/BarakChamo/boxer/internal/eval/eval.go:154.36,156.3 1 0
github.com/BarakChamo/boxer/internal/eval/eval.go:157.2,157.80 1 0
github.com/BarakChamo/boxer/internal/eval/eval.go:157.80,159.3 1 0
github.com/BarakChamo/boxer/internal/eval/eval.go:160.2,160.18 1 0
github.com/BarakChamo/boxer/internal/eval/eval.go:160.18,162.38 2 0
github.com/BarakChamo/boxer/internal/eval/eval.go:162.38,164.4 1 0
github.com/BarakChamo/boxer/internal/eval/eval.go:164.9,164.46 1 0
github.com/BarakChamo/boxer/internal/eval/eval.go:164.46,166.46 1 0
github.com/BarakChamo/boxer/internal/eval/eval.go:166.46,167.41 1 0
github.com/BarakChamo/boxer/internal/eval/eval.go:167.41,169.6 1 0
github.com/BarakChamo/boxer/internal/eval/eval.go:171.4,171.46 1 0
github.com/BarakChamo/boxer/internal/eval/eval.go:173.3,174.32 2 0
github.com/BarakChamo/boxer/internal/eval/eval.go:174.32,176.4 1 0
github.com/BarakChamo/boxer/internal/eval/eval.go:177.3,179.17 3 0
github.com/BarakChamo/boxer/internal/eval/eval.go:179.17,181.4 1 0
github.com/BarakChamo/boxer/internal/eval/eval.go:182.3,187.22 6 0
github.com/BarakChamo/boxer/internal/eval/eval.go:187.22,187.37 1 0
github.com/BarakChamo/boxer/internal/eval/eval.go:189.2,189.15 1 0
github.com/BarakChamo/boxer/internal/eval/eval.go:192.44,194.26 2 0
github.com/BarakChamo/boxer/internal/eval/eval.go:194.26,195.36 1 0
github.com/BarakChamo/boxer/internal/eval/eval.go:195.36,197.4 1 0
github.com/BarakChamo/boxer/internal/eval/eval.go:199.2,199.12 1 0
github.com/BarakChamo/boxer/internal/eval/eval.go:203.35,204.18 1 0
github.com/BarakChamo/boxer/internal/eval/eval.go:204.18,206.3 1 0
github.com/BarakChamo/boxer/internal/eval/eval.go:207.2,208.37 2 0
github.com/BarakChamo/boxer/internal/eval/eval.go:208.37,209.20 1 0
github.com/BarakChamo/boxer/internal/eval/eval.go:209.20,211.4 1 0
github.com/BarakChamo/boxer/internal/eval/eval.go:213.2,213.12 1 0
github.com/BarakChamo/boxer/internal/eval/eval.go:218.32,219.22 1 0
github.com/BarakChamo/boxer/internal/eval/eval.go:219.22,221.3 1 0
github.com/BarakChamo/boxer/internal/eval/eval.go:222.2,222.11 1 0
github.com/BarakChamo/boxer/internal/eval/eval.go:222.11,225.3 2 0
github.com/BarakChamo/boxer/internal/eval/eval.go:226.2,226.18 1 0
github.com/BarakChamo/boxer/internal/eval/eval.go:226.18,228.38 2 0
github.com/BarakChamo/boxer/internal/eval/eval.go:228.38,232.4 3 0
github.com/BarakChamo/boxer/internal/eval/eval.go:233.3,233.78 1 0
github.com/BarakChamo/boxer/internal/eval/eval.go:237.36,238.51 1 0
github.com/BarakChamo/boxer/internal/eval/eval.go:238.51,240.3 1 0
github.com/BarakChamo/boxer/internal/eval/eval.go:241.2,241.160 1 0
github.com/BarakChamo/boxer/internal/eval/eval.go:241.160,244.51 3 0
github.com/BarakChamo/boxer/internal/eval/eval.go:244.51,246.4 1 0
github.com/BarakChamo/boxer/internal/eval/eval.go:248.2,250.30 3 0
github.com/BarakChamo/boxer/internal/eval/eval.go:250.30,252.3 1 0
github.com/BarakChamo/boxer/internal/eval/eval.go:255.2,256.19 2 0
github.com/BarakChamo/boxer/internal/eval/eval.go:256.19,258.3 1 0
github.com/BarakChamo/boxer/internal/eval/eval.go:259.2,267.24 2 0
github.com/BarakChamo/boxer/internal/eval/eval.go:267.24,269.3 1 0
github.com/BarakChamo/boxer/internal/eval/eval.go:270.2,270.20 1 0
github.com/BarakChamo/boxer/internal/eval/eval.go:270.20,274.21 2 0
github.com/BarakChamo/boxer/internal/eval/eval.go:274.21,276.4 1 0
github.com/BarakChamo/boxer/internal/eval/eval.go:277.3,284.25 1 0
github.com/BarakChamo/boxer/internal/eval/eval.go:286.2,286.79 1 0
github.com/BarakChamo/boxer/internal/eval/eval.go:290.65,297.2 5 0
github.com/BarakChamo/boxer/internal/eval/eval.go:301.34,303.34 2 0
github.com/BarakChamo/boxer/internal/eval/eval.go:303.34,305.12 2 0
github.com/BarakChamo/boxer/internal/eval/eval.go:306.98,307.12 1 0
github.com/BarakChamo/boxer/internal/eval/eval.go:309.3,309.24 1 0
github.com/BarakChamo/boxer/internal/eval/eval.go:311.2,319.12 2 0
github.com/BarakChamo/boxer/internal/eval/eval.go:348.27,350.31 2 7
github.com/BarakChamo/boxer/internal/eval/eval.go:350.31,352.3 1 6
github.com/BarakChamo/boxer/internal/eval/eval.go:353.2,353.18 1 7
github.com/BarakChamo/boxer/internal/eval/eval.go:353.18,355.3 1 1
github.com/BarakChamo/boxer/internal/eval/eval.go:356.2,357.114 2 6
github.com/BarakChamo/boxer/internal/eval/eval.go:357.114,359.3 1 1
github.com/BarakChamo/boxer/internal/eval/eval.go:360.2,360.34 1 5
github.com/BarakChamo/boxer/internal/eval/eval.go:360.34,361.32 1 24
github.com/BarakChamo/boxer/internal/eval/eval.go:361.32,363.4 1 4
github.com/BarakChamo/boxer/internal/eval/eval.go:365.2,365.14 1 1
github.com/BarakChamo/boxer/internal/eval/eval.go:371.131,373.16 2 0
github.com/BarakChamo/boxer/internal/eval/eval.go:373.16,375.3 1 0
github.com/BarakChamo/boxer/internal/eval/eval.go:375.8,377.3 1 0
github.com/BarakChamo/boxer/internal/eval/eval.go:378.2,381.28 4 0
github.com/BarakChamo/boxer/internal/eval/eval.go:381.28,384.27 3 0
github.com/BarakChamo/boxer/internal/eval/eval.go:384.27,385.31 1 0
github.com/BarakChamo/boxer/internal/eval/eval.go:385.31,386.13 1 0
github.com/BarakChamo/boxer/internal/eval/eval.go:388.4,388.11 1 0
github.com/BarakChamo/boxer/internal/eval/eval.go:388.11,390.13 2 0
github.com/BarakChamo/boxer/internal/eval/eval.go:392.4,392.36 1 0
github.com/BarakChamo/boxer/internal/eval/eval.go:392.36,395.13 2 0
github.com/BarakChamo/boxer/internal/eval/eval.go:397.4,397.39 1 0
github.com/BarakChamo/boxer/internal/eval/eval.go:397.39,399.13 2 0
github.com/BarakChamo/boxer/internal/eval/eval.go:401.4,403.38 3 0
github.com/BarakChamo/boxer/internal/eval/eval.go:403.38,407.5 3 0
github.com/BarakChamo/boxer/internal/eval/eval.go:408.4,408.19 1 0
github.com/BarakChamo/boxer/internal/eval/eval.go:408.19,409.43 1 0
github.com/BarakChamo/boxer/internal/eval/eval.go:409.43,413.6 3 0
github.com/BarakChamo/boxer/internal/eval/eval.go:415.4,416.23 2 0
github.com/BarakChamo/boxer/internal/eval/eval.go:416.23,418.5 1 0
github.com/BarakChamo/boxer/internal/eval/eval.go:421.4,421.65 1 0
github.com/BarakChamo/boxer/internal/eval/eval.go:421.65,424.5 2 0
github.com/BarakChamo/boxer/internal/eval/eval.go:427.2,427.16 1 0
github.com/BarakChamo/boxer/internal/eval/eval.go:432.92,436.16 4 0
github.com/BarakChamo/boxer/internal/eval/eval.go:436.16,438.3 1 0
github.com/BarakChamo/boxer/internal/eval/eval.go:439.2,439.15 1 0
github.com/BarakChamo/boxer/internal/eval/eval.go:439.15,442.11 3 0
github.com/BarakChamo/boxer/internal/eval/eval.go:442.11,445.4 2 0
github.com/BarakChamo/boxer/internal/eval/eval.go:446.3,448.32 3 0
github.com/BarakChamo/boxer/internal/eval/eval.go:448.32,450.4 1 0
github.com/BarakChamo/boxer/internal/eval/eval.go:452.2,455.53 4 0
github.com/BarakChamo/boxer/internal/eval/eval.go:455.53,457.3 1 0
github.com/BarakChamo/boxer/internal/eval/eval.go:457.8,457.23 1 0
github.com/BarakChamo/boxer/internal/eval/eval.go:457.23,459.3 1 0
github.com/BarakChamo/boxer/internal/eval/eval.go:460.2,461.27 2 0
github.com/BarakChamo/boxer/internal/eval/eval.go:461.27,463.3 1 0
github.com/BarakChamo/boxer/internal/eval/eval.go:463.8,463.23 1 0
github.com/BarakChamo/boxer/internal/eval/eval.go:463.23,465.3 1 0
github.com/BarakChamo/boxer/internal/eval/eval.go:466.2,468.23 3 0
github.com/BarakChamo/boxer/internal/eval/eval.go:468.23,471.19 2 0
github.com/BarakChamo/boxer/internal/eval/eval.go:471.19,472.40 1 0
github.com/BarakChamo/boxer/internal/eval/eval.go:472.40,474.5 1 0
github.com/BarakChamo/boxer/internal/eval/eval.go:477.2,477.111 1 0
github.com/BarakChamo/boxer/internal/eval/eval.go:480.33,481.16 1 0
github.com/BarakChamo/boxer/internal/eval/eval.go:482.14,483.16 1 0
github.com/BarakChamo/boxer/internal/eval/eval.go:484.14,485.16 1 0
github.com/BarakChamo/boxer/internal/eval/eval.go:487.2,487.15 1 0
github.com/BarakChamo/boxer/internal/eval/eval.go:491.51,498.47 7 0
github.com/BarakChamo/boxer/internal/eval/eval.go:498.47,498.103 1 0
github.com/BarakChamo/boxer/internal/eval/eval.go:499.2,499.27 1 0
github.com/BarakChamo/boxer/internal/eval/eval.go:499.27,501.16 2 0
github.com/BarakChamo/boxer/internal/eval/eval.go:501.16,503.4 1 0
github.com/BarakChamo/boxer/internal/eval/eval.go:504.3,504.32 1 0
github.com/BarakChamo/boxer/internal/eval/eval.go:504.32,506.4 1 0
github.com/BarakChamo/boxer/internal/eval/eval.go:507.3,507.19 1 0
github.com/BarakChamo/boxer/internal/eval/eval.go:508.15,509.10 1 0
github.com/BarakChamo/boxer/internal/eval/eval.go:510.15,511.10 1 0
github.com/BarakChamo/boxer/internal/eval/eval.go:512.11,513.10 1 0
github.com/BarakChamo/boxer/internal/eval/eval.go:515.3,515.20 1 0
github.com/BarakChamo/boxer/internal/eval/eval.go:515.20,518.4 2 0
github.com/BarakChamo/boxer/internal/eval/eval.go:519.3,519.20 1 0
github.com/BarakChamo/boxer/internal/eval/eval.go:519.20,521.4 1 0
github.com/BarakChamo/boxer/internal/eval/eval.go:522.3,522.132 1 0
github.com/BarakChamo/boxer/internal/eval/eval.go:524.2,525.15 2 0
github.com/BarakChamo/boxer/internal/eval/eval.go:525.15,527.3 1 0
github.com/BarakChamo/boxer/internal/eval/eval.go:528.2,528.19 1 0
github.com/BarakChamo/boxer/internal/eval/eval.go:533.46,534.42 1 1
github.com/BarakChamo/boxer/internal/eval/eval.go:534.42,535.17 1 1
github.com/BarakChamo/boxer/internal/eval/eval.go:535.18,535.19 0 1
github.com/BarakChamo/boxer/internal/eval/eval.go:537.2,538.63 2 0
github.com/BarakChamo/boxer/internal/eval/eval.go:538.63,540.3 1 0
github.com/BarakChamo/boxer/internal/eval/eval.go:541.2,542.16 2 0
github.com/BarakChamo/boxer/internal/eval/eval.go:542.16,544.3 1 0
github.com/BarakChamo/boxer/internal/eval/eval.go:545.2,545.84 1 0
github.com/BarakChamo/boxer/internal/eval/eval.go:545.84,547.69 2 0
github.com/BarakChamo/boxer/internal/eval/eval.go:547.69,550.4 2 0
github.com/BarakChamo/boxer/internal/eval/eval.go:552.2,552.16 1 0
github.com/BarakChamo/boxer/internal/eval/eval.go:552.16,552.74 2 0
github.com/BarakChamo/boxer/internal/eval/eval.go:556.24,557.47 1 1
github.com/BarakChamo/boxer/internal/eval/eval.go:557.47,559.3 1 1
github.com/BarakChamo/boxer/internal/eval/eval.go:560.2,561.69 2 0
github.com/BarakChamo/boxer/internal/eval/gemini.go:19.29,19.52 1 0
github.com/BarakChamo/boxer/internal/eval/gemini.go:21.53,22.51 1 0
github.com/BarakChamo/boxer/internal/eval/gemini.go:22.51,24.3 1 0
github.com/BarakChamo/boxer/internal/eval/gemini.go:25.2,25.18 1 0
github.com/BarakChamo/boxer/internal/eval/gemini.go:25.18,26.68 1 0
github.com/BarakChamo/boxer/internal/eval/gemini.go:26.68,28.4 1 0
github.com/BarakChamo/boxer/internal/eval/gemini.go:30.2,30.17 1 0
github.com/BarakChamo/boxer/internal/eval/gemini.go:33.41,35.54 2 0
github.com/BarakChamo/boxer/internal/eval/gemini.go:35.54,37.3 1 0
github.com/BarakChamo/boxer/internal/eval/gemini.go:38.2,44.3 1 0
github.com/BarakChamo/boxer/internal/eval/gemini.go:47.37,47.86 1 0
github.com/BarakChamo/boxer/internal/eval/gemini.go:49.49,52.75 2 0
github.com/BarakChamo/boxer/internal/eval/gemini.go:52.75,54.3 1 0
github.com/BarakChamo/boxer/internal/eval/gemini.go:55.2,56.111 2 0
github.com/BarakChamo/boxer/internal/eval/gemini.go:56.111,58.3 1 0
github.com/BarakChamo/boxer/internal/eval/gemini.go:59.2,59.17 1 0
github.com/BarakChamo/boxer/internal/eval/gemini.go:60.16,65.106 5 0
github.com/BarakChamo/boxer/internal/eval/gemini.go:65.106,67.4 1 0
github.com/BarakChamo/boxer/internal/eval/gemini.go:68.17,69.75 1 0
github.com/BarakChamo/boxer/internal/eval/gemini.go:69.75,71.4 1 0
github.com/BarakChamo/boxer/internal/eval/gemini.go:73.2,73.12 1 0
github.com/BarakChamo/boxer/internal/eval/gemini.go:76.43,78.22 2 0
github.com/BarakChamo/boxer/internal/eval/gemini.go:78.22,80.3 1 0
github.com/BarakChamo/boxer/internal/eval/gemini.go:80.8,80.68 1 0
github.com/BarakChamo/boxer/internal/eval/gemini.go:80.68,82.3 1 0
github.com/BarakChamo/boxer/internal/eval/gemini.go:83.2,83.10 1 0
github.com/BarakChamo/boxer/internal/eval/gemini.go:86.74,93.36 7 0
github.com/BarakChamo/boxer/internal/eval/gemini.go:93.36,95.3 1 0
github.com/BarakChamo/boxer/internal/eval/gemini.go:96.2,97.12 2 0
github.com/BarakChamo/boxer/internal/eval/gemini.go:97.12,97.34 1 0
github.com/BarakChamo/boxer/internal/eval/gemini.go:98.2,98.9 1 0
github.com/BarakChamo/boxer/internal/eval/gemini.go:99.14,99.14 0 0
github.com/BarakChamo/boxer/internal/eval/gemini.go:100.37,102.71 2 0
github.com/BarakChamo/boxer/internal/eval/gemini.go:104.2,105.68 2 0
github.com/BarakChamo/boxer/internal/eval/gemini.go:105.68,107.175 2 0
github.com/BarakChamo/boxer/internal/eval/gemini.go:107.175,108.12 1 0
github.com/BarakChamo/boxer/internal/eval/gemini.go:110.3,110.41 1 0
github.com/BarakChamo/boxer/internal/eval/gemini.go:110.41,112.4 1 0
github.com/BarakChamo/boxer/internal/eval/gemini.go:114.2,114.16 1 0
github.com/BarakChamo/boxer/internal/eval/gemini.go:117.42,117.43 0 0
github.com/BarakChamo/boxer/internal/eval/grok.go:25.27,25.44 1 0
github.com/BarakChamo/boxer/internal/eval/grok.go:27.51,28.49 1 0
github.com/BarakChamo/boxer/internal/eval/grok.go:28.49,30.3 1 0
github.com/BarakChamo/boxer/internal/eval/grok.go:31.2,31.18 1 0
github.com/BarakChamo/boxer/internal/eval/grok.go:31.18,32.40 1 0
github.com/BarakChamo/boxer/internal/eval/grok.go:32.40,34.4 1 0
github.com/BarakChamo/boxer/internal/eval/grok.go:36.2,36.17 1 0
github.com/BarakChamo/boxer/internal/eval/grok.go:39.39,41.54 2 0
github.com/BarakChamo/boxer/internal/eval/grok.go:41.54,43.3 1 0
github.com/BarakChamo/boxer/internal/eval/grok.go:44.2,50.18 2 0
github.com/BarakChamo/boxer/internal/eval/grok.go:50.18,52.3 1 0
github.com/BarakChamo/boxer/internal/eval/grok.go:52.8,56.3 1 0
github.com/BarakChamo/boxer/internal/eval/grok.go:57.2,57.14 1 0
github.com/BarakChamo/boxer/internal/eval/grok.go:60.35,60.82 1 0
github.com/BarakChamo/boxer/internal/eval/grok.go:62.47,64.51 2 0
github.com/BarakChamo/boxer/internal/eval/grok.go:64.51,65.70 1 0
github.com/BarakChamo/boxer/internal/eval/grok.go:65.70,67.4 1 0
github.com/BarakChamo/boxer/internal/eval/grok.go:69.2,71.93 3 0
github.com/BarakChamo/boxer/internal/eval/grok.go:71.93,73.3 1 0
github.com/BarakChamo/boxer/internal/eval/grok.go:74.2,75.17 2 0
github.com/BarakChamo/boxer/internal/eval/grok.go:76.14,78.17 2 0
github.com/BarakChamo/boxer/internal/eval/grok.go:78.17,80.4 1 0
github.com/BarakChamo/boxer/internal/eval/grok.go:81.3,81.92 1 0
github.com/BarakChamo/boxer/internal/eval/grok.go:81.92,83.4 1 0
github.com/BarakChamo/boxer/internal/eval/grok.go:84.24,85.103 1 0
github.com/BarakChamo/boxer/internal/eval/grok.go:85.103,87.4 1 0
github.com/BarakChamo/boxer/internal/eval/grok.go:89.2,89.47 1 0
github.com/BarakChamo/boxer/internal/eval/grok.go:89.47,90.69 1 0
github.com/BarakChamo/boxer/internal/eval/grok.go:90.69,92.4 1 0
github.com/BarakChamo/boxer/internal/eval/grok.go:94.2,94.12 1 0
github.com/BarakChamo/boxer/internal/eval/grok.go:97.72,101.22 2 0
github.com/BarakChamo/boxer/internal/eval/grok.go:101.22,103.3 1 0
github.com/BarakChamo/boxer/internal/eval/grok.go:104.2,112.36 7 0
github.com/BarakChamo/boxer/internal/eval/grok.go:112.36,114.3 1 0
github.com/BarakChamo/boxer/internal/eval/grok.go:115.2,116.12 2 0
github.com/BarakChamo/boxer/internal/eval/grok.go:116.12,116.34 1 0
github.com/BarakChamo/boxer/internal/eval/grok.go:117.2,117.9 1 0
github.com/BarakChamo/boxer/internal/eval/grok.go:118.14,118.14 0 0
github.com/BarakChamo/boxer/internal/eval/grok.go:119.37,121.69 2 0
github.com/BarakChamo/boxer/internal/eval/grok.go:123.2,124.24 2 0
github.com/BarakChamo/boxer/internal/eval/grok.go:124.24,126.3 1 0
github.com/BarakChamo/boxer/internal/eval/grok.go:127.2,127.16 1 0
github.com/BarakChamo/boxer/internal/eval/grok.go:130.40,130.41 0 0
github.com/BarakChamo/boxer/internal/eval/grok.go:135.43,140.16 5 1
github.com/BarakChamo/boxer/internal/eval/grok.go:140.16,150.44 2 3
github.com/BarakChamo/boxer/internal/eval/grok.go:150.44,151.12 1 0
github.com/BarakChamo/boxer/internal/eval/grok.go:153.3,153.17 1 3
github.com/BarakChamo/boxer/internal/eval/grok.go:154.15,155.28 1 1
github.com/BarakChamo/boxer/internal/eval/grok.go:156.20,157.24 1 2
github.com/BarakChamo/boxer/internal/eval/grok.go:157.24,159.5 1 0
github.com/BarakChamo/boxer/internal/eval/grok.go:160.4,160.61 1 2
github.com/BarakChamo/boxer/internal/eval/grok.go:160.61,162.5 1 1
github.com/BarakChamo/boxer/internal/eval/grok.go:163.4,163.43 1 2
github.com/BarakChamo/boxer/internal/eval/grok.go:166.2,167.58 2 1
github.com/BarakChamo/boxer/internal/eval/grok.go:167.58,169.3 1 1
github.com/BarakChamo/boxer/internal/eval/grok.go:170.2,170.11 1 1
github.com/BarakChamo/boxer/internal/eval/grok.go:175.33,176.22 1 0
github.com/BarakChamo/boxer/internal/eval/grok.go:176.22,178.3 1 0
github.com/BarakChamo/boxer/internal/eval/grok.go:179.2,179.232 1 0
github.com/BarakChamo/boxer/internal/eval/inside.go:22.29,22.48 1 0
github.com/BarakChamo/boxer/internal/eval/inside.go:24.53,25.36 1 0
github.com/BarakChamo/boxer/internal/eval/inside.go:25.36,27.3 1 0
github.com/BarakChamo/boxer/internal/eval/inside.go:28.2,28.17 1 0
github.com/BarakChamo/boxer/internal/eval/inside.go:31.41,33.92 2 0
github.com/BarakChamo/boxer/internal/eval/inside.go:33.92,35.3 1 0
github.com/BarakChamo/boxer/internal/eval/inside.go:36.2,36.14 1 0
github.com/BarakChamo/boxer/internal/eval/inside.go:41.22,43.26 2 0
github.com/BarakChamo/boxer/internal/eval/inside.go:43.26,44.115 1 0
github.com/BarakChamo/boxer/internal/eval/inside.go:44.115,46.4 1 0
github.com/BarakChamo/boxer/internal/eval/inside.go:48.2,48.11 1 0
github.com/BarakChamo/boxer/internal/eval/inside.go:51.51,51.103 1 0
github.com/BarakChamo/boxer/internal/eval/inside.go:53.49,56.48 3 0
github.com/BarakChamo/boxer/internal/eval/inside.go:56.48,58.3 1 0
github.com/BarakChamo/boxer/internal/eval/inside.go:59.2,59.22 1 0
github.com/BarakChamo/boxer/internal/eval/inside.go:59.22,61.3 1 0
github.com/BarakChamo/boxer/internal/eval/inside.go:62.2,64.11 3 0
github.com/BarakChamo/boxer/internal/eval/inside.go:65.16,66.206 1 0
github.com/BarakChamo/boxer/internal/eval/inside.go:67.15,69.80 2 0
github.com/BarakChamo/boxer/internal/eval/inside.go:70.16,71.216 1 0
github.com/BarakChamo/boxer/internal/eval/inside.go:72.14,73.308 1 0
github.com/BarakChamo/boxer/internal/eval/inside.go:74.18,76.104 2 0
github.com/BarakChamo/boxer/internal/eval/inside.go:76.104,78.4 1 0
github.com/BarakChamo/boxer/internal/eval/inside.go:79.14,81.326 1 0
github.com/BarakChamo/boxer/internal/eval/inside.go:82.12,83.275 1 0
github.com/BarakChamo/boxer/internal/eval/inside.go:85.2,85.31 1 0
github.com/BarakChamo/boxer/internal/eval/inside.go:85.31,88.67 3 0
github.com/BarakChamo/boxer/internal/eval/inside.go:88.67,90.4 1 0
github.com/BarakChamo/boxer/internal/eval/inside.go:92.2,92.12 1 0
github.com/BarakChamo/boxer/internal/eval/inside.go:97.60,100.32 3 0
github.com/BarakChamo/boxer/internal/eval/inside.go:100.32,102.3 1 0
github.com/BarakChamo/boxer/internal/eval/inside.go:103.2,103.11 1 0
github.com/BarakChamo/boxer/internal/eval/inside.go:104.16,105.179 1 0
github.com/BarakChamo/boxer/internal/eval/inside.go:106.15,107.76 1 0
github.com/BarakChamo/boxer/internal/eval/inside.go:108.14,109.106 1 0
github.com/BarakChamo/boxer/internal/eval/inside.go:110.16,111.68 1 0
github.com/BarakChamo/boxer/internal/eval/inside.go:111.68,113.4 1 0
github.com/BarakChamo/boxer/internal/eval/inside.go:114.3,114.197 1 0
github.com/BarakChamo/boxer/internal/eval/inside.go:115.14,116.86 1 0
github.com/BarakChamo/boxer/internal/eval/inside.go:117.24,119.22 2 0
github.com/BarakChamo/boxer/internal/eval/inside.go:119.22,122.4 2 0
github.com/BarakChamo/boxer/internal/eval/inside.go:123.3,123.283 1 0
github.com/BarakChamo/boxer/internal/eval/inside.go:125.2,125.31 1 0
github.com/BarakChamo/boxer/internal/eval/inside.go:125.31,128.70 3 0
github.com/BarakChamo/boxer/internal/eval/inside.go:128.70,130.4 1 0
github.com/BarakChamo/boxer/internal/eval/inside.go:132.2,132.12 1 0
github.com/BarakChamo/boxer/internal/eval/inside.go:138.58,141.22 3 0
github.com/BarakChamo/boxer/internal/eval/inside.go:141.22,143.12 2 0
github.com/BarakChamo/boxer/internal/eval/inside.go:144.17,146.61 2 0
github.com/BarakChamo/boxer/internal/eval/inside.go:146.61,148.5 1 0
github.com/BarakChamo/boxer/internal/eval/inside.go:149.4,149.12 1 0
github.com/BarakChamo/boxer/internal/eval/inside.go:150.16,151.67 1 0
github.com/BarakChamo/boxer/internal/eval/inside.go:152.15,153.96 1 0
github.com/BarakChamo/boxer/internal/eval/inside.go:154.17,156.114 2 0
github.com/BarakChamo/boxer/internal/eval/inside.go:159.2,159.11 1 0
github.com/BarakChamo/boxer/internal/eval/inside.go:160.16,161.178 1 0
github.com/BarakChamo/boxer/internal/eval/inside.go:162.15,163.39 1 0
github.com/BarakChamo/boxer/internal/eval/inside.go:164.16,165.135 1 0
github.com/BarakChamo/boxer/internal/eval/inside.go:166.14,167.43 1 0
github.com/BarakChamo/boxer/internal/eval/inside.go:168.18,169.165 1 0
github.com/BarakChamo/boxer/internal/eval/inside.go:170.12,171.78 1 0
github.com/BarakChamo/boxer/internal/eval/inside.go:172.14,173.68 1 0
github.com/BarakChamo/boxer/internal/eval/inside.go:175.2,175.12 1 0
github.com/BarakChamo/boxer/internal/eval/inside.go:178.74,182.11 4 0
github.com/BarakChamo/boxer/internal/eval/inside.go:183.16,184.141 1 0
github.com/BarakChamo/boxer/internal/eval/inside.go:185.15,186.69 1 0
github.com/BarakChamo/boxer/internal/eval/inside.go:187.16,188.42 1 0
github.com/BarakChamo/boxer/internal/eval/inside.go:189.14,190.32 1 0
github.com/BarakChamo/boxer/internal/eval/inside.go:191.18,192.58 1 0
github.com/BarakChamo/boxer/internal/eval/inside.go:193.12,194.95 1 0
github.com/BarakChamo/boxer/internal/eval/inside.go:195.14,196.114 1 0
github.com/BarakChamo/boxer/internal/eval/inside.go:198.2,198.22 1 0
github.com/BarakChamo/boxer/internal/eval/inside.go:198.22,199.12 1 0
github.com/BarakChamo/boxer/internal/eval/inside.go:200.19,201.73 1 0
github.com/BarakChamo/boxer/internal/eval/inside.go:202.13,203.99 1 0
github.com/BarakChamo/boxer/internal/eval/inside.go:204.15,205.109 1 0
github.com/BarakChamo/boxer/internal/eval/inside.go:208.2,209.25 2 0
github.com/BarakChamo/boxer/internal/eval/inside.go:209.25,211.3 1 0
github.com/BarakChamo/boxer/internal/eval/inside.go:212.2,220.36 9 0
github.com/BarakChamo/boxer/internal/eval/inside.go:220.36,222.3 1 0
github.com/BarakChamo/boxer/internal/eval/inside.go:223.2,224.12 2 0
github.com/BarakChamo/boxer/internal/eval/inside.go:224.12,224.34 1 0
github.com/BarakChamo/boxer/internal/eval/inside.go:225.2,225.9 1 0
github.com/BarakChamo/boxer/internal/eval/inside.go:226.14,226.14 0 0
github.com/BarakChamo/boxer/internal/eval/inside.go:227.38,229.82 2 0
github.com/BarakChamo/boxer/internal/eval/inside.go:231.2,233.22 3 0
github.com/BarakChamo/boxer/internal/eval/inside.go:233.22,234.36 1 0
github.com/BarakChamo/boxer/internal/eval/inside.go:234.36,236.4 1 0
github.com/BarakChamo/boxer/internal/eval/inside.go:238.2,238.11 1 0
github.com/BarakChamo/boxer/internal/eval/inside.go:239.16,240.44 1 0
github.com/BarakChamo/boxer/internal/eval/inside.go:241.15,242.41 1 0
github.com/BarakChamo/boxer/internal/eval/inside.go:243.10,244.60 1 0
github.com/BarakChamo/boxer/internal/eval/inside.go:244.60,246.377 2 0
github.com/BarakChamo/boxer/internal/eval/inside.go:246.377,247.13 1 0
github.com/BarakChamo/boxer/internal/eval/inside.go:249.4,250.42 2 0
github.com/BarakChamo/boxer/internal/eval/inside.go:250.42,252.5 1 0
github.com/BarakChamo/boxer/internal/eval/inside.go:255.2,255.16 1 0
github.com/BarakChamo/boxer/internal/eval/inside.go:258.42,258.43 0 0
github.com/BarakChamo/boxer/internal/eval/kimi.go:19.27,19.44 1 0
github.com/BarakChamo/boxer/internal/eval/kimi.go:21.51,22.49 1 0
github.com/BarakChamo/boxer/internal/eval/kimi.go:22.49,24.3 1 0
github.com/BarakChamo/boxer/internal/eval/kimi.go:25.2,25.18 1 0
github.com/BarakChamo/boxer/internal/eval/kimi.go:25.18,26.40 1 0
github.com/BarakChamo/boxer/internal/eval/kimi.go:26.40,28.4 1 0
github.com/BarakChamo/boxer/internal/eval/kimi.go:30.2,30.17 1 0
[...]
github.com/BarakChamo/boxer/internal/hook/hook.go:157.43,158.35 1 1
github.com/BarakChamo/boxer/internal/hook/hook.go:158.35,160.5 1 0
github.com/BarakChamo/boxer/internal/hook/hook.go:162.3,162.11 1 1
github.com/BarakChamo/boxer/internal/hook/hook.go:164.2,164.10 1 0
github.com/BarakChamo/boxer/internal/hook/hook.go:167.79,168.32 1 15
github.com/BarakChamo/boxer/internal/hook/hook.go:168.32,170.3 1 2
github.com/BarakChamo/boxer/internal/hook/hook.go:171.2,173.64 3 13
github.com/BarakChamo/boxer/internal/hook/hook.go:173.64,176.3 2 0
github.com/BarakChamo/boxer/internal/hook/hook.go:177.2,177.20 1 13
github.com/BarakChamo/boxer/internal/hook/hook.go:178.20,179.11 1 1
github.com/BarakChamo/boxer/internal/hook/hook.go:180.22,181.17 1 9
github.com/BarakChamo/boxer/internal/hook/hook.go:181.17,183.66 1 2
github.com/BarakChamo/boxer/internal/hook/hook.go:183.66,185.5 1 1
github.com/BarakChamo/boxer/internal/hook/hook.go:186.4,186.102 1 1
github.com/BarakChamo/boxer/internal/hook/hook.go:188.3,188.72 1 7
github.com/BarakChamo/boxer/internal/hook/hook.go:189.10,190.63 1 3
github.com/BarakChamo/boxer/internal/hook/hook.go:196.50,198.62 2 11
github.com/BarakChamo/boxer/internal/hook/hook.go:198.62,200.3 1 10
github.com/BarakChamo/boxer/internal/hook/hook.go:201.2,201.94 1 1
github.com/BarakChamo/boxer/internal/hook/hook.go:204.92,206.31 2 5
github.com/BarakChamo/boxer/internal/hook/hook.go:206.31,208.3 1 0
github.com/BarakChamo/boxer/internal/hook/hook.go:209.2,209.60 1 5
github.com/BarakChamo/boxer/internal/hook/hook.go:209.60,212.40 1 1
github.com/BarakChamo/boxer/internal/hook/hook.go:212.40,214.4 1 0
github.com/BarakChamo/boxer/internal/hook/hook.go:215.8,215.48 1 4
github.com/BarakChamo/boxer/internal/hook/hook.go:215.48,216.50 1 4
github.com/BarakChamo/boxer/internal/hook/hook.go:216.50,219.4 2 0
github.com/BarakChamo/boxer/internal/hook/hook.go:221.2,221.32 1 5
github.com/BarakChamo/boxer/internal/hook/hook.go:221.32,223.3 1 4
github.com/BarakChamo/boxer/internal/hook/hook.go:224.2,224.10 1 1
github.com/BarakChamo/boxer/internal/hook/hook.go:232.79,234.29 2 7
github.com/BarakChamo/boxer/internal/hook/hook.go:234.29,236.3 1 10
github.com/BarakChamo/boxer/internal/hook/hook.go:237.2,238.18 2 7
github.com/BarakChamo/boxer/internal/hook/hook.go:239.18,240.49 1 1
github.com/BarakChamo/boxer/internal/hook/hook.go:241.16,243.57 1 1
github.com/BarakChamo/boxer/internal/hook/hook.go:244.10,246.90 1 5
github.com/BarakChamo/boxer/internal/hook/hook.go:250.59,252.15 2 5
github.com/BarakChamo/boxer/internal/hook/hook.go:252.15,254.3 1 4
github.com/BarakChamo/boxer/internal/hook/hook.go:255.2,255.18 1 5
github.com/BarakChamo/boxer/internal/hook/hook.go:256.18,257.46 1 1
github.com/BarakChamo/boxer/internal/hook/hook.go:258.16,259.68 1 1
github.com/BarakChamo/boxer/internal/hook/hook.go:260.10,262.99 1 3
github.com/BarakChamo/boxer/internal/hook/hook.go:269.62,270.28 1 4
github.com/BarakChamo/boxer/internal/hook/hook.go:270.28,272.3 1 0
github.com/BarakChamo/boxer/internal/hook/hook.go:273.2,274.26 2 4
github.com/BarakChamo/boxer/internal/hook/hook.go:274.26,276.3 1 1
github.com/BarakChamo/boxer/internal/hook/hook.go:277.2,277.59 1 4
github.com/BarakChamo/boxer/internal/hook/hook.go:280.35,284.2 3 16
github.com/BarakChamo/boxer/internal/hook/hook.go:288.51,289.91 1 0
github.com/BarakChamo/boxer/internal/hook/hook.go:289.91,292.3 2 0
github.com/BarakChamo/boxer/internal/hook/hook.go:293.2,293.20 1 0
github.com/BarakChamo/boxer/internal/hook/hook.go:297.21,297.73 1 0
github.com/BarakChamo/boxer/internal/hook/hook.go:299.23,301.26 2 1
github.com/BarakChamo/boxer/internal/hook/hook.go:301.26,303.3 1 8
github.com/BarakChamo/boxer/internal/hook/hook.go:304.2,304.12 1 1
github.com/BarakChamo/boxer/internal/hook/signals.go:23.55,25.29 2 2
github.com/BarakChamo/boxer/internal/hook/signals.go:25.29,26.36 1 16
github.com/BarakChamo/boxer/internal/hook/signals.go:26.36,27.31 1 64
github.com/BarakChamo/boxer/internal/hook/signals.go:27.31,28.21 1 155
github.com/BarakChamo/boxer/internal/hook/signals.go:28.21,30.6 1 54
github.com/BarakChamo/boxer/internal/hook/signals.go:32.4,32.16 1 10
github.com/BarakChamo/boxer/internal/hook/signals.go:34.3,37.50 3 16
github.com/BarakChamo/boxer/internal/hook/signals.go:37.50,39.4 1 3
github.com/BarakChamo/boxer/internal/hook/signals.go:40.3,40.69 1 16
github.com/BarakChamo/boxer/internal/hook/signals.go:40.69,42.4 1 0
github.com/BarakChamo/boxer/internal/hook/signals.go:43.3,43.23 1 16
github.com/BarakChamo/boxer/internal/hook/signals.go:45.2,45.38 1 2
github.com/BarakChamo/boxer/internal/hook/signals.go:45.38,45.80 1 43
github.com/BarakChamo/boxer/internal/hook/signals.go:46.2,46.12 1 2
github.com/BarakChamo/boxer/internal/shim/shim.go:22.63,23.48 1 1
github.com/BarakChamo/boxer/internal/shim/shim.go:23.48,25.3 1 0
github.com/BarakChamo/boxer/internal/shim/shim.go:26.2,27.29 2 1
github.com/BarakChamo/boxer/internal/shim/shim.go:27.29,28.86 1 5
github.com/BarakChamo/boxer/internal/shim/shim.go:28.86,29.12 1 4
github.com/BarakChamo/boxer/internal/shim/shim.go:31.3,32.85 2 1
github.com/BarakChamo/boxer/internal/shim/shim.go:32.85,34.4 1 0
github.com/BarakChamo/boxer/internal/shim/shim.go:35.3,35.34 1 1
github.com/BarakChamo/boxer/internal/shim/shim.go:37.2,37.21 1 1
github.com/BarakChamo/boxer/internal/shim/shim.go:51.67,52.48 1 1
github.com/BarakChamo/boxer/internal/shim/shim.go:52.48,54.3 1 0
github.com/BarakChamo/boxer/internal/shim/shim.go:55.2,56.26 2 1
github.com/BarakChamo/boxer/internal/shim/shim.go:56.26,58.92 2 1
github.com/BarakChamo/boxer/internal/shim/shim.go:58.92,60.4 1 0
github.com/BarakChamo/boxer/internal/shim/shim.go:61.3,61.34 1 1
github.com/BarakChamo/boxer/internal/shim/shim.go:63.2,63.21 1 1
github.com/BarakChamo/boxer/internal/shim/shim.go:67.26,68.46 1 0
github.com/BarakChamo/boxer/internal/shim/shim.go:68.46,70.3 1 0
github.com/BarakChamo/boxer/internal/shim/shim.go:71.2,72.65 2 0
github.com/BarakChamo/boxer/internal/shim/shim.go:85.47,86.48 1 1
github.com/BarakChamo/boxer/internal/shim/shim.go:86.48,88.3 1 0
github.com/BarakChamo/boxer/internal/shim/shim.go:89.2,90.63 2 1
github.com/BarakChamo/boxer/internal/box/box.go:30.32,32.14 2 3
github.com/BarakChamo/boxer/internal/box/box.go:32.14,34.3 1 0
github.com/BarakChamo/boxer/internal/box/box.go:35.2,36.15 2 3
github.com/BarakChamo/boxer/internal/box/box.go:36.15,38.3 1 0
github.com/BarakChamo/boxer/internal/box/box.go:39.2,40.62 1 3
github.com/BarakChamo/boxer/internal/box/box.go:58.68,59.15 1 20
github.com/BarakChamo/boxer/internal/box/box.go:59.15,61.40 2 0
github.com/BarakChamo/boxer/internal/box/box.go:61.40,63.4 1 0
github.com/BarakChamo/boxer/internal/box/box.go:66.2,66.54 1 20
github.com/BarakChamo/boxer/internal/box/box.go:66.54,68.3 1 20
github.com/BarakChamo/boxer/internal/box/box.go:69.2,70.16 2 20
github.com/BarakChamo/boxer/internal/box/box.go:70.16,72.3 1 0
github.com/BarakChamo/boxer/internal/box/box.go:73.2,74.23 2 20
github.com/BarakChamo/boxer/internal/box/box.go:74.23,76.3 1 19
github.com/BarakChamo/boxer/internal/box/box.go:77.2,78.16 2 20
github.com/BarakChamo/boxer/internal/box/box.go:78.16,80.3 1 0
github.com/BarakChamo/boxer/internal/box/box.go:81.2,81.19 1 20
github.com/BarakChamo/boxer/internal/box/box.go:81.19,83.3 1 4
github.com/BarakChamo/boxer/internal/box/box.go:84.2,85.22 2 20
github.com/BarakChamo/boxer/internal/box/box.go:85.22,87.3 1 1
github.com/BarakChamo/boxer/internal/box/box.go:88.2,88.15 1 19
github.com/BarakChamo/boxer/internal/box/box.go:88.15,89.30 1 16
github.com/BarakChamo/boxer/internal/box/box.go:90.18,92.67 1 1
github.com/BarakChamo/boxer/internal/box/box.go:93.15,94.114 1 1
github.com/BarakChamo/boxer/internal/box/box.go:97.2,98.33 2 18
github.com/BarakChamo/boxer/internal/box/box.go:98.33,100.3 1 1
github.com/BarakChamo/boxer/internal/box/box.go:101.2,102.77 2 18
github.com/BarakChamo/boxer/internal/box/box.go:102.77,107.3 2 1
github.com/BarakChamo/boxer/internal/box/box.go:108.2,109.16 2 18
github.com/BarakChamo/boxer/internal/box/box.go:109.16,112.3 1 0
github.com/BarakChamo/boxer/internal/box/box.go:113.2,113.16 1 18
github.com/BarakChamo/boxer/internal/box/box.go:113.16,115.3 1 0
github.com/BarakChamo/boxer/internal/box/box.go:116.2,117.15 2 18
github.com/BarakChamo/boxer/internal/box/box.go:121.29,121.69 1 48
github.com/BarakChamo/boxer/internal/box/box.go:125.32,126.16 1 15
github.com/BarakChamo/boxer/internal/box/box.go:126.16,128.3 1 2
github.com/BarakChamo/boxer/internal/box/box.go:129.2,129.22 1 13
github.com/BarakChamo/boxer/internal/box/box.go:144.40,145.26 1 13
github.com/BarakChamo/boxer/internal/box/box.go:145.26,147.3 1 0
github.com/BarakChamo/boxer/internal/box/box.go:148.2,148.23 1 13
github.com/BarakChamo/boxer/internal/box/box.go:148.23,150.3 1 0
github.com/BarakChamo/boxer/internal/box/box.go:151.2,151.43 1 13
github.com/BarakChamo/boxer/internal/box/box.go:151.43,153.3 1 0
github.com/BarakChamo/boxer/internal/box/box.go:154.2,154.30 1 13
github.com/BarakChamo/boxer/internal/box/box.go:154.30,155.73 1 123
github.com/BarakChamo/boxer/internal/box/box.go:155.73,157.4 1 2
github.com/BarakChamo/boxer/internal/box/box.go:159.2,159.64 1 11
github.com/BarakChamo/boxer/internal/box/box.go:177.43,179.83 2 9
github.com/BarakChamo/boxer/internal/box/box.go:179.83,181.3 1 0
github.com/BarakChamo/boxer/internal/box/box.go:182.2,182.14 1 9
github.com/BarakChamo/boxer/internal/box/box.go:183.38,184.115 1 9
github.com/BarakChamo/boxer/internal/box/box.go:185.17,186.69 1 0
github.com/BarakChamo/boxer/internal/box/box.go:187.33,189.50 1 0
github.com/BarakChamo/boxer/internal/box/box.go:190.24,191.57 1 0
github.com/BarakChamo/boxer/internal/box/box.go:192.10,193.24 1 0
github.com/BarakChamo/boxer/internal/box/box.go:198.50,200.2 1 17
github.com/BarakChamo/boxer/internal/box/box.go:206.76,208.16 2 13
github.com/BarakChamo/boxer/internal/box/box.go:208.16,210.3 1 0
github.com/BarakChamo/boxer/internal/box/box.go:211.2,213.16 3 13
github.com/BarakChamo/boxer/internal/box/box.go:213.16,215.3 1 0
github.com/BarakChamo/boxer/internal/box/box.go:216.2,216.20 1 13
github.com/BarakChamo/boxer/internal/box/box.go:216.20,217.50 1 2
github.com/BarakChamo/boxer/internal/box/box.go:217.50,219.4 1 0
github.com/BarakChamo/boxer/internal/box/box.go:220.3,220.13 1 2
github.com/BarakChamo/boxer/internal/box/box.go:222.2,222.9 1 13
github.com/BarakChamo/boxer/internal/box/box.go:222.9,223.19 1 9
github.com/BarakChamo/boxer/internal/box/box.go:223.19,225.4 1 1
github.com/BarakChamo/boxer/internal/box/box.go:226.3,226.36 1 8
github.com/BarakChamo/boxer/internal/box/box.go:226.36,228.4 1 0
github.com/BarakChamo/boxer/internal/box/box.go:229.3,229.17 1 8
github.com/BarakChamo/boxer/internal/box/box.go:230.8,230.24 1 4
github.com/BarakChamo/boxer/internal/box/box.go:230.24,232.3 1 4
github.com/BarakChamo/boxer/internal/box/box.go:233.2,233.48 1 8
github.com/BarakChamo/boxer/internal/box/box.go:233.48,235.3 1 0
github.com/BarakChamo/boxer/internal/box/box.go:236.2,236.34 1 8
github.com/BarakChamo/boxer/internal/box/box.go:236.34,238.3 1 1
github.com/BarakChamo/boxer/internal/box/box.go:239.2,239.21 1 7
github.com/BarakChamo/boxer/internal/box/box.go:242.30,246.54 4 9
github.com/BarakChamo/boxer/internal/box/box.go:246.54,248.3 1 9
github.com/BarakChamo/boxer/internal/box/box.go:249.2,256.16 3 9
github.com/BarakChamo/boxer/internal/box/box.go:256.16,257.32 1 2
github.com/BarakChamo/boxer/internal/box/box.go:257.32,259.4 1 0
github.com/BarakChamo/boxer/internal/box/box.go:260.3,260.73 1 2
github.com/BarakChamo/boxer/internal/box/box.go:260.73,262.4 1 0
github.com/BarakChamo/boxer/internal/box/box.go:264.2,265.41 2 9
github.com/BarakChamo/boxer/internal/box/box.go:265.41,266.46 1 9
github.com/BarakChamo/boxer/internal/box/box.go:266.46,268.4 1 8
github.com/BarakChamo/boxer/internal/box/box.go:270.2,270.16 1 9
github.com/BarakChamo/boxer/internal/box/box.go:270.16,274.3 3 9
github.com/BarakChamo/boxer/internal/box/box.go:275.2,288.42 2 9
github.com/BarakChamo/boxer/internal/box/box.go:288.42,289.54 1 1
github.com/BarakChamo/boxer/internal/box/box.go:289.54,294.4 1 1
github.com/BarakChamo/boxer/internal/box/box.go:295.3,296.24 1 0
github.com/BarakChamo/boxer/internal/box/box.go:298.2,298.12 1 8
github.com/BarakChamo/boxer/internal/box/box.go:302.36,304.34 2 1
github.com/BarakChamo/boxer/internal/box/box.go:304.34,305.49 1 1
github.com/BarakChamo/boxer/internal/box/box.go:305.49,307.4 1 1
github.com/BarakChamo/boxer/internal/box/box.go:308.3,308.37 1 0
github.com/BarakChamo/boxer/internal/box/box.go:310.2,311.23 1 0
github.com/BarakChamo/boxer/internal/box/box.go:316.23,317.48 1 15
github.com/BarakChamo/boxer/internal/box/box.go:317.48,319.3 1 0
github.com/BarakChamo/boxer/internal/box/box.go:320.2,320.60 1 15
github.com/BarakChamo/boxer/internal/box/box.go:324.34,327.2 2 13
github.com/BarakChamo/boxer/internal/box/box.go:329.47,331.36 2 5
github.com/BarakChamo/boxer/internal/box/box.go:331.36,333.3 1 0
github.com/BarakChamo/boxer/internal/box/box.go:334.2,334.12 1 5
github.com/BarakChamo/boxer/internal/box/box.go:339.48,340.36 1 9
github.com/BarakChamo/boxer/internal/box/box.go:340.36,342.3 1 7
github.com/BarakChamo/boxer/internal/box/box.go:343.2,344.41 2 2
github.com/BarakChamo/boxer/internal/box/box.go:344.41,346.3 1 1
github.com/BarakChamo/boxer/internal/box/box.go:347.2,347.13 1 1
github.com/BarakChamo/boxer/internal/box/box.go:353.29,355.75 2 2
github.com/BarakChamo/boxer/internal/box/box.go:355.75,357.3 1 0
github.com/BarakChamo/boxer/internal/box/box.go:358.2,360.41 3 2
github.com/BarakChamo/boxer/internal/box/box.go:360.41,362.3 1 1
github.com/BarakChamo/boxer/internal/box/box.go:363.2,363.63 1 1
github.com/BarakChamo/boxer/internal/box/box.go:363.63,365.3 1 0
github.com/BarakChamo/boxer/internal/box/box.go:366.2,367.16 2 1
github.com/BarakChamo/boxer/internal/box/box.go:367.16,369.3 1 0
github.com/BarakChamo/boxer/internal/box/box.go:370.2,371.41 2 1
github.com/BarakChamo/boxer/internal/box/box.go:371.41,373.3 1 0
github.com/BarakChamo/boxer/internal/box/box.go:374.2,376.16 3 1
github.com/BarakChamo/boxer/internal/box/box.go:376.16,378.3 1 1
github.com/BarakChamo/boxer/internal/box/box.go:379.2,379.64 1 1
github.com/BarakChamo/boxer/internal/box/box.go:379.64,381.3 1 0
github.com/BarakChamo/boxer/internal/box/box.go:382.2,382.16 1 1
github.com/BarakChamo/boxer/internal/box/box.go:382.16,384.3 1 0
github.com/BarakChamo/boxer/internal/box/box.go:389.63,390.15 1 3
github.com/BarakChamo/boxer/internal/box/box.go:390.15,392.3 1 1
github.com/BarakChamo/boxer/internal/box/box.go:393.2,394.23 2 2
github.com/BarakChamo/boxer/internal/box/box.go:394.23,396.3 1 1
github.com/BarakChamo/boxer/internal/box/box.go:397.2,399.26 3 2
github.com/BarakChamo/boxer/internal/box/box.go:399.26,400.87 1 4
github.com/BarakChamo/boxer/internal/box/box.go:400.87,402.4 1 1
github.com/BarakChamo/boxer/internal/box/box.go:404.2,404.12 1 2
github.com/BarakChamo/boxer/internal/box/box.go:411.43,414.41 3 8
github.com/BarakChamo/boxer/internal/box/box.go:414.41,416.3 1 2
github.com/BarakChamo/boxer/internal/box/box.go:417.2,417.63 1 6
github.com/BarakChamo/boxer/internal/box/box.go:417.63,419.3 1 0
github.com/BarakChamo/boxer/internal/box/box.go:420.2,421.16 2 6
github.com/BarakChamo/boxer/internal/box/box.go:421.16,423.3 1 0
github.com/BarakChamo/boxer/internal/box/box.go:424.2,425.41 2 6
github.com/BarakChamo/boxer/internal/box/box.go:425.41,427.3 1 0
github.com/BarakChamo/boxer/internal/box/box.go:428.2,429.50 2 6
github.com/BarakChamo/boxer/internal/box/box.go:429.50,432.3 2 0
github.com/BarakChamo/boxer/internal/box/box.go:433.2,433.13 1 6
github.com/BarakChamo/boxer/internal/box/box.go:439.29,440.27 1 8
github.com/BarakChamo/boxer/internal/box/box.go:440.27,442.3 1 6
github.com/BarakChamo/boxer/internal/box/box.go:443.2,443.95 1 2
github.com/BarakChamo/boxer/internal/box/box.go:443.95,445.3 1 0
github.com/BarakChamo/boxer/internal/box/box.go:446.2,446.34 1 2
github.com/BarakChamo/boxer/internal/box/box.go:446.34,449.30 3 2
github.com/BarakChamo/boxer/internal/box/box.go:449.30,453.4 2 1
github.com/BarakChamo/boxer/internal/box/box.go:455.2,456.12 2 1
github.com/BarakChamo/boxer/internal/box/box.go:460.37,462.48 2 4
github.com/BarakChamo/boxer/internal/box/box.go:462.48,464.3 1 0
github.com/BarakChamo/boxer/internal/box/box.go:465.2,465.58 1 4
github.com/BarakChamo/boxer/internal/box/box.go:478.58,479.78 1 3
github.com/BarakChamo/boxer/internal/box/box.go:479.78,480.50 1 1
github.com/BarakChamo/boxer/internal/box/box.go:480.50,483.4 2 0
github.com/BarakChamo/boxer/internal/box/box.go:484.3,484.16 1 1
github.com/BarakChamo/boxer/internal/box/box.go:486.2,488.41 3 2
github.com/BarakChamo/boxer/internal/box/box.go:488.41,489.35 1 2
github.com/BarakChamo/boxer/internal/box/box.go:489.35,491.4 1 0
github.com/BarakChamo/boxer/internal/box/box.go:493.2,496.13 1 2
github.com/BarakChamo/boxer/internal/box/box.go:500.44,502.48 2 13
github.com/BarakChamo/boxer/internal/box/box.go:502.48,504.3 1 0
github.com/BarakChamo/boxer/internal/box/box.go:505.2,505.42 1 13
github.com/BarakChamo/boxer/internal/box/box.go:509.44,511.16 2 20
github.com/BarakChamo/boxer/internal/box/box.go:511.16,513.3 1 0
github.com/BarakChamo/boxer/internal/box/box.go:514.2,514.68 1 20
github.com/BarakChamo/boxer/internal/box/box.go:514.68,517.3 2 0
github.com/BarakChamo/boxer/internal/box/box.go:518.2,518.16 1 20
github.com/BarakChamo/boxer/internal/box/box.go:518.16,521.3 2 20
github.com/BarakChamo/boxer/internal/box/box.go:526.27,527.47 1 30
github.com/BarakChamo/boxer/internal/box/box.go:527.47,529.3 1 30
github.com/BarakChamo/boxer/internal/box/box.go:530.2,531.69 2 0
github.com/BarakChamo/boxer/internal/box/box.go:534.32,536.48 2 2
github.com/BarakChamo/boxer/internal/box/box.go:536.48,538.3 1 0
github.com/BarakChamo/boxer/internal/box/box.go:539.2,541.48 3 2
github.com/BarakChamo/boxer/internal/box/box.go:541.48,543.3 1 1
github.com/BarakChamo/boxer/internal/box/box.go:547.37,549.16 2 0
github.com/BarakChamo/boxer/internal/box/box.go:549.16,551.3 1 0
github.com/BarakChamo/boxer/internal/box/box.go:552.2,552.21 1 0
github.com/BarakChamo/boxer/internal/box/box.go:556.31,557.47 1 0
github.com/BarakChamo/boxer/internal/box/box.go:557.47,559.3 1 0
github.com/BarakChamo/boxer/internal/box/box.go:560.2,561.12 2 0
github.com/BarakChamo/boxer/internal/box/box.go:570.34,572.16 2 1
github.com/BarakChamo/boxer/internal/box/box.go:572.16,574.3 1 0
github.com/BarakChamo/boxer/internal/box/box.go:575.2,576.21 2 1
github.com/BarakChamo/boxer/internal/box/box.go:576.21,578.3 1 1
github.com/BarakChamo/boxer/internal/box/box.go:579.2,583.36 5 1
github.com/BarakChamo/boxer/internal/box/box.go:583.36,585.3 1 0
github.com/BarakChamo/boxer/internal/box/box.go:586.2,586.30 1 1
github.com/BarakChamo/boxer/internal/box/box.go:591.39,593.67 2 1
github.com/BarakChamo/boxer/internal/box/box.go:593.67,594.27 1 0
github.com/BarakChamo/boxer/internal/box/box.go:594.27,596.4 1 0
github.com/BarakChamo/boxer/internal/box/box.go:597.3,597.25 1 0
github.com/BarakChamo/boxer/internal/box/box.go:597.25,599.4 1 0
github.com/BarakChamo/boxer/internal/box/box.go:601.2,601.13 1 1
github.com/BarakChamo/boxer/internal/box/box.go:605.28,607.23 2 1
github.com/BarakChamo/boxer/internal/box/box.go:607.23,609.3 1 0
github.com/BarakChamo/boxer/internal/box/box.go:610.2,610.33 1 1
github.com/BarakChamo/boxer/internal/box/box.go:614.37,616.2 1 2
github.com/BarakChamo/boxer/internal/box/box.go:619.45,619.80 1 2
github.com/BarakChamo/boxer/internal/box/box.go:624.64,625.19 1 2
github.com/BarakChamo/boxer/internal/box/box.go:625.19,627.3 1 2
github.com/BarakChamo/boxer/internal/box/box.go:628.2,634.18 7 2
github.com/BarakChamo/boxer/internal/box/box.go:635.17,638.85 3 1
github.com/BarakChamo/boxer/internal/box/box.go:639.14,644.68 5 1
github.com/BarakChamo/boxer/internal/box/box.go:645.13,646.75 1 0
github.com/BarakChamo/boxer/internal/box/box.go:648.2,651.19 4 2
